103.05.09 11:10 B H:\html\site4\index.html --> mail.cti-clonmel.ie /var/www/html/subjects/webauthoring/websites2003/it.reginaom/project index.html
103.05.09 11:10 B H:\html\site4\page1.html --> mail.cti-clonmel.ie /var/www/html/subjects/webauthoring/websites2003/it.reginaom/project page1.html
103.05.09 11:10 B H:\html\site4\page2.html --> mail.cti-clonmel.ie /var/www/html/subjects/webauthoring/websites2003/it.reginaom/project page2.html
103.05.09 11:10 B H:\html\site4\page3.html --> mail.cti-clonmel.ie /var/www/html/subjects/webauthoring/websites2003/it.reginaom/project page3.html
103.05.09 11:10 B H:\html\site4\page4.html --> mail.cti-clonmel.ie /var/www/html/subjects/webauthoring/websites2003/it.reginaom/project page4.html
103.05.09 11:10 B H:\html\site4\page5.html --> mail.cti-clonmel.ie /var/www/html/subjects/webauthoring/websites2003/it.reginaom/project page5.html
103.05.09 11:10 B H:\html\site4\page6.html --> mail.cti-clonmel.ie /var/www/html/subjects/webauthoring/websites2003/it.reginaom/project page6.html
103.05.09 11:10 B H:\html\site4\page7.html --> mail.cti-clonmel.ie /var/www/html/subjects/webauthoring/websites2003/it.reginaom/project page7.html
103.05.09 11:10 B H:\html\site4\page8.html --> mail.cti-clonmel.ie /var/www/html/subjects/webauthoring/websites2003/it.reginaom/project page8.html
103.05.09 11:10 B H:\html\site4\page9.html --> mail.cti-clonmel.ie /var/www/html/subjects/webauthoring/websites2003/it.reginaom/project page9.html
103.05.09 11:10 B H:\html\site4\table.html --> mail.cti-clonmel.ie /var/www/html/subjects/webauthoring/websites2003/it.reginaom/project table.html
103.05.09 12:18 B H:\html\site4\index.html --> mail.cti-clonmel.ie /var/www/html/subjects/webauthoring/websites2003/it.reginaom/project index.html
103.05.09 12:18 B H:\html\site4\page1.1.html --> mail.cti-clonmel.ie /var/www/html/subjects/webauthoring/websites2003/it.reginaom/project page1.1.html
103.05.09 12:18 B H:\html\site4\page1.html --> mail.cti-clonmel.ie /var/www/html/subjects/webauthoring/websites2003/it.reginaom/project page1.html
103.05.09 12:18 B H:\html\site4\page2.html --> mail.cti-clonmel.ie /var/www/html/subjects/webauthoring/websites2003/it.reginaom/project page2.html
103.05.09 12:18 B H:\html\site4\page3.html --> mail.cti-clonmel.ie /var/www/html/subjects/webauthoring/websites2003/it.reginaom/project page3.html
103.05.09 12:18 B H:\html\site4\page4.html --> mail.cti-clonmel.ie /var/www/html/subjects/webauthoring/websites2003/it.reginaom/project page4.html
103.05.09 12:18 B H:\html\site4\page5.html --> mail.cti-clonmel.ie /var/www/html/subjects/webauthoring/websites2003/it.reginaom/project page5.html
103.05.09 12:18 B H:\html\site4\page6.html --> mail.cti-clonmel.ie /var/www/html/subjects/webauthoring/websites2003/it.reginaom/project page6.html
103.05.09 12:18 B H:\html\site4\page7.html --> mail.cti-clonmel.ie /var/www/html/subjects/webauthoring/websites2003/it.reginaom/project page7.html
103.05.09 12:18 B H:\html\site4\page8.html --> mail.cti-clonmel.ie /var/www/html/subjects/webauthoring/websites2003/it.reginaom/project page8.html
103.05.09 12:18 B H:\html\site4\table.html --> mail.cti-clonmel.ie /var/www/html/subjects/webauthoring/websites2003/it.reginaom/project table.html
103.05.09 14:04 B H:\html\site4\index.html --> mail.cti-clonmel.ie /var/www/html/subjects/webauthoring/websites2003/it.reginaom index.html
103.05.09 14:04 B H:\html\site4\page1.1.html --> mail.cti-clonmel.ie /var/www/html/subjects/webauthoring/websites2003/it.reginaom page1.1.html
103.05.09 14:04 B H:\html\site4\page1.html --> mail.cti-clonmel.ie /var/www/html/subjects/webauthoring/websites2003/it.reginaom page1.html
103.05.09 14:04 B H:\html\site4\page2.html --> mail.cti-clonmel.ie /var/www/html/subjects/webauthoring/websites2003/it.reginaom page2.html
103.05.09 14:04 B H:\html\site4\page3.html --> mail.cti-clonmel.ie /var/www/html/subjects/webauthoring/websites2003/it.reginaom page3.html
103.05.09 14:04 B H:\html\site4\page4.html --> mail.cti-clonmel.ie /var/www/html/subjects/webauthoring/websites2003/it.reginaom page4.html
103.05.09 14:04 B H:\html\site4\page5.html --> mail.cti-clonmel.ie /var/www/html/subjects/webauthoring/websites2003/it.reginaom page5.html
103.05.09 14:04 B H:\html\site4\page6.html --> mail.cti-clonmel.ie /var/www/html/subjects/webauthoring/websites2003/it.reginaom page6.html
103.05.09 14:04 B H:\html\site4\page7.html --> mail.cti-clonmel.ie /var/www/html/subjects/webauthoring/websites2003/it.reginaom page7.html
103.05.09 14:04 B H:\html\site4\page8.html --> mail.cti-clonmel.ie /var/www/html/subjects/webauthoring/websites2003/it.reginaom page8.html
103.05.09 14:04 B H:\html\site4\table.html --> mail.cti-clonmel.ie /var/www/html/subjects/webauthoring/websites2003/it.reginaom table.html
103.05.09 14:10 B H:\html\site4\index.html --> mail.cti-clonmel.ie /var/www/html/subjects/webauthoring/websites2003/it.reginaom index.html
103.05.09 14:10 B H:\html\site4\page1.1.html --> mail.cti-clonmel.ie /var/www/html/subjects/webauthoring/websites2003/it.reginaom page1.1.html
103.05.09 14:10 B H:\html\site4\page1.html --> mail.cti-clonmel.ie /var/www/html/subjects/webauthoring/websites2003/it.reginaom page1.html
103.05.09 14:10 B H:\html\site4\page2.html --> mail.cti-clonmel.ie /var/www/html/subjects/webauthoring/websites2003/it.reginaom page2.html
103.05.09 14:10 B H:\html\site4\page3.html --> mail.cti-clonmel.ie /var/www/html/subjects/webauthoring/websites2003/it.reginaom page3.html
103.05.09 14:10 B H:\html\site4\page4.html --> mail.cti-clonmel.ie /var/www/html/subjects/webauthoring/websites2003/it.reginaom page4.html
103.05.09 14:10 B H:\html\site4\page5.html --> mail.cti-clonmel.ie /var/www/html/subjects/webauthoring/websites2003/it.reginaom page5.html
103.05.09 14:10 B H:\html\site4\page6.html --> mail.cti-clonmel.ie /var/www/html/subjects/webauthoring/websites2003/it.reginaom page6.html
103.05.09 14:10 B H:\html\site4\page7.html --> mail.cti-clonmel.ie /var/www/html/subjects/webauthoring/websites2003/it.reginaom page7.html
103.05.09 14:10 B H:\html\site4\page8.html --> mail.cti-clonmel.ie /var/www/html/subjects/webauthoring/websites2003/it.reginaom page8.html
103.05.09 14:10 B H:\html\site4\table.html --> mail.cti-clonmel.ie /var/www/html/subjects/webauthoring/websites2003/it.reginaom table.html
103.05.09 14:22 B H:\html\site4\index.html --> mail.cti-clonmel.ie /var/www/html/subjects/webauthoring/websites2003/it.reginaom index.html
103.05.09 14:22 B H:\html\site4\page1.1.html --> mail.cti-clonmel.ie /var/www/html/subjects/webauthoring/websites2003/it.reginaom page1.1.html
103.05.09 14:22 B H:\html\site4\page1.html --> mail.cti-clonmel.ie /var/www/html/subjects/webauthoring/websites2003/it.reginaom page1.html
103.05.09 14:22 B H:\html\site4\page2.html --> mail.cti-clonmel.ie /var/www/html/subjects/webauthoring/websites2003/it.reginaom page2.html
103.05.09 14:22 B H:\html\site4\page3.html --> mail.cti-clonmel.ie /var/www/html/subjects/webauthoring/websites2003/it.reginaom page3.html
103.05.09 14:22 B H:\html\site4\page4.html --> mail.cti-clonmel.ie /var/www/html/subjects/webauthoring/websites2003/it.reginaom page4.html
103.05.09 14:22 B H:\html\site4\page5.html --> mail.cti-clonmel.ie /var/www/html/subjects/webauthoring/websites2003/it.reginaom page5.html
103.05.09 14:22 B H:\html\site4\page6.html --> mail.cti-clonmel.ie /var/www/html/subjects/webauthoring/websites2003/it.reginaom page6.html
103.05.09 14:22 B H:\html\site4\page7.html --> mail.cti-clonmel.ie /var/www/html/subjects/webauthoring/websites2003/it.reginaom page7.html
103.05.09 14:22 B H:\html\site4\page8.html --> mail.cti-clonmel.ie /var/www/html/subjects/webauthoring/websites2003/it.reginaom page8.html
103.05.09 14:22 B H:\html\site4\table.html --> mail.cti-clonmel.ie /var/www/html/subjects/webauthoring/websites2003/it.reginaom table.html
103.05.12 12:55 B H:\html\site4\index.html --> home /var/www/html/subjects/webauthoring/websites2003/it.reginaom/site4 index.html
103.05.12 12:55 B H:\html\site4\page1.1.html --> home /var/www/html/subjects/webauthoring/websites2003/it.reginaom/site4 page1.1.html
103.05.12 12:55 B H:\html\site4\page1.html --> home /var/www/html/subjects/webauthoring/websites2003/it.reginaom/site4 page1.html
103.05.12 12:55 B H:\html\site4\page2.html --> home /var/www/html/subjects/webauthoring/websites2003/it.reginaom/site4 page2.html
103.05.12 12:55 B H:\html\site4\page3.html --> home /var/www/html/subjects/webauthoring/websites2003/it.reginaom/site4 page3.html
103.05.12 12:55 B H:\html\site4\page4.html --> home /var/www/html/subjects/webauthoring/websites2003/it.reginaom/site4 page4.html
103.05.12 12:55 B H:\html\site4\page5.html --> home /var/www/html/subjects/webauthoring/websites2003/it.reginaom/site4 page5.html
103.05.12 12:55 B H:\html\site4\page6.html --> home /var/www/html/subjects/webauthoring/websites2003/it.reginaom/site4 page6.html
103.05.12 12:55 B H:\html\site4\page7.html --> home /var/www/html/subjects/webauthoring/websites2003/it.reginaom/site4 page7.html
103.05.12 12:55 B H:\html\site4\page8.html --> home /var/www/html/subjects/webauthoring/websites2003/it.reginaom/site4 page8.html
103.05.12 12:55 B H:\html\site4\table.html --> home /var/www/html/subjects/webauthoring/websites2003/it.reginaom/site4 table.html
