103.05.09 11:11 B H:\html\project\images4\015.jpg --> mail.cti-clonmel.ie /var/www/html/subjects/webauthoring/websites2003/it.nattalieh/images4 015.jpg
103.05.09 11:11 B H:\html\project\images4\018.jpg --> mail.cti-clonmel.ie /var/www/html/subjects/webauthoring/websites2003/it.nattalieh/images4 018.jpg
103.05.09 11:11 B H:\html\project\images4\023.jpg --> mail.cti-clonmel.ie /var/www/html/subjects/webauthoring/websites2003/it.nattalieh/images4 023.jpg
103.05.09 11:11 B H:\html\project\images4\3dgraphic15.jpg --> mail.cti-clonmel.ie /var/www/html/subjects/webauthoring/websites2003/it.nattalieh/images4 3dgraphic15.jpg
103.05.09 11:11 B H:\html\project\images4\airview_tif_jpg.jpg --> mail.cti-clonmel.ie /var/www/html/subjects/webauthoring/websites2003/it.nattalieh/images4 airview_tif_jpg.jpg
103.05.09 11:11 B H:\html\project\images4\bar_4.jpg --> mail.cti-clonmel.ie /var/www/html/subjects/webauthoring/websites2003/it.nattalieh/images4 bar_4.jpg
103.05.09 11:11 B H:\html\project\images4\cityhall.jpg --> mail.cti-clonmel.ie /var/www/html/subjects/webauthoring/websites2003/it.nattalieh/images4 cityhall.jpg
103.05.09 11:11 B H:\html\project\images4\cityhall.JPG --> mail.cti-clonmel.ie /var/www/html/subjects/webauthoring/websites2003/it.nattalieh/images4 cityhall.JPG
103.05.09 11:11 B H:\html\project\images4\cork-map.jpg --> mail.cti-clonmel.ie /var/www/html/subjects/webauthoring/websites2003/it.nattalieh/images4 cork-map.jpg
103.05.09 11:11 B H:\html\project\images4\cork-night.JPG --> mail.cti-clonmel.ie /var/www/html/subjects/webauthoring/websites2003/it.nattalieh/images4 cork-night.JPG
103.05.09 11:11 B H:\html\project\images4\cork.jpg --> mail.cti-clonmel.ie /var/www/html/subjects/webauthoring/websites2003/it.nattalieh/images4 cork.jpg
103.05.09 11:11 B H:\html\project\images4\cork_city_ireland.jpg --> mail.cti-clonmel.ie /var/www/html/subjects/webauthoring/websites2003/it.nattalieh/images4 cork_city_ireland.jpg
103.05.09 11:11 B H:\html\project\images4\corkcitygaol.gif --> mail.cti-clonmel.ie /var/www/html/subjects/webauthoring/websites2003/it.nattalieh/images4 corkcitygaol.gif
103.05.09 11:11 B H:\html\project\images4\flagsbridge.jpg --> mail.cti-clonmel.ie /var/www/html/subjects/webauthoring/websites2003/it.nattalieh/images4 flagsbridge.jpg
103.05.09 11:11 B H:\html\project\images4\Fota1.jpg --> mail.cti-clonmel.ie /var/www/html/subjects/webauthoring/websites2003/it.nattalieh/images4 Fota1.jpg
103.05.09 11:11 B H:\html\project\images4\Fota2.jpg --> mail.cti-clonmel.ie /var/www/html/subjects/webauthoring/websites2003/it.nattalieh/images4 Fota2.jpg
103.05.09 11:11 B H:\html\project\images4\frontview12.jpg --> mail.cti-clonmel.ie /var/www/html/subjects/webauthoring/websites2003/it.nattalieh/images4 frontview12.jpg
103.05.09 11:11 B H:\html\project\images4\gov12.jpg --> mail.cti-clonmel.ie /var/www/html/subjects/webauthoring/websites2003/it.nattalieh/images4 gov12.jpg
103.05.09 11:11 B H:\html\project\images4\guards12.jpg --> mail.cti-clonmel.ie /var/www/html/subjects/webauthoring/websites2003/it.nattalieh/images4 guards12.jpg
103.05.09 11:11 B H:\html\project\images4\homeanim.jpg --> mail.cti-clonmel.ie /var/www/html/subjects/webauthoring/websites2003/it.nattalieh/images4 homeanim.jpg
103.05.09 11:11 B H:\html\project\images4\ireland.jpg --> mail.cti-clonmel.ie /var/www/html/subjects/webauthoring/websites2003/it.nattalieh/images4 ireland.jpg
103.05.09 11:11 B H:\html\project\images4\millennum_cityhall1.jpg --> mail.cti-clonmel.ie /var/www/html/subjects/webauthoring/websites2003/it.nattalieh/images4 millennum_cityhall1.jpg
103.05.09 11:11 B H:\html\project\images4\montage1.jpg --> mail.cti-clonmel.ie /var/www/html/subjects/webauthoring/websites2003/it.nattalieh/images4 montage1.jpg
103.05.09 11:11 B H:\html\project\images4\munster.jpg --> mail.cti-clonmel.ie /var/www/html/subjects/webauthoring/websites2003/it.nattalieh/images4 munster.jpg
103.05.09 11:11 B H:\html\project\images4\museum.jpg --> mail.cti-clonmel.ie /var/www/html/subjects/webauthoring/websites2003/it.nattalieh/images4 museum.jpg
103.05.09 11:11 B H:\html\project\images4\newhallroof.jpg --> mail.cti-clonmel.ie /var/www/html/subjects/webauthoring/websites2003/it.nattalieh/images4 newhallroof.jpg
103.05.09 11:11 B H:\html\project\images4\next.jpg --> mail.cti-clonmel.ie /var/www/html/subjects/webauthoring/websites2003/it.nattalieh/images4 next.jpg
103.05.09 11:11 B H:\html\project\images4\nl_bbar.jpg --> mail.cti-clonmel.ie /var/www/html/subjects/webauthoring/websites2003/it.nattalieh/images4 nl_bbar.jpg
103.05.09 11:11 B H:\html\project\images4\patricks-Hill.jpg --> mail.cti-clonmel.ie /var/www/html/subjects/webauthoring/websites2003/it.nattalieh/images4 patricks-Hill.jpg
103.05.09 11:11 B H:\html\project\images4\postcard1.jpg --> mail.cti-clonmel.ie /var/www/html/subjects/webauthoring/websites2003/it.nattalieh/images4 postcard1.jpg
103.05.09 11:11 B H:\html\project\images4\priest12.jpg --> mail.cti-clonmel.ie /var/www/html/subjects/webauthoring/websites2003/it.nattalieh/images4 priest12.jpg
103.05.09 11:11 B H:\html\project\images4\radioman15.jpg --> mail.cti-clonmel.ie /var/www/html/subjects/webauthoring/websites2003/it.nattalieh/images4 radioman15.jpg
103.05.09 11:11 B H:\html\project\images4\rotating.jpg --> mail.cti-clonmel.ie /var/www/html/subjects/webauthoring/websites2003/it.nattalieh/images4 rotating.jpg
103.05.09 11:11 B H:\html\project\images4\rule02.jpg --> mail.cti-clonmel.ie /var/www/html/subjects/webauthoring/websites2003/it.nattalieh/images4 rule02.jpg
103.05.09 11:11 B H:\html\project\images4\sitemap1.gif --> mail.cti-clonmel.ie /var/www/html/subjects/webauthoring/websites2003/it.nattalieh/images4 sitemap1.gif
103.05.09 11:11 B H:\html\project\images4\spiral12.jpg --> mail.cti-clonmel.ie /var/www/html/subjects/webauthoring/websites2003/it.nattalieh/images4 spiral12.jpg
103.05.09 11:11 B H:\html\project\images4\st-finbarrs.jpg --> mail.cti-clonmel.ie /var/www/html/subjects/webauthoring/websites2003/it.nattalieh/images4 st-finbarrs.jpg
103.05.09 11:11 B H:\html\project\images4\tippcork.jpg --> mail.cti-clonmel.ie /var/www/html/subjects/webauthoring/websites2003/it.nattalieh/images4 tippcork.jpg
103.05.09 11:11 B H:\html\project\images4\topleft20.gif --> mail.cti-clonmel.ie /var/www/html/subjects/webauthoring/websites2003/it.nattalieh/images4 topleft20.gif
103.05.09 11:11 B H:\html\project\images4\walls12.jpg --> mail.cti-clonmel.ie /var/www/html/subjects/webauthoring/websites2003/it.nattalieh/images4 walls12.jpg
103.05.09 11:11 B H:\html\project\images4\welkom4.jpg --> mail.cti-clonmel.ie /var/www/html/subjects/webauthoring/websites2003/it.nattalieh/images4 welkom4.jpg
103.05.09 11:11 B H:\html\project\images4\widerquad2.jpg --> mail.cti-clonmel.ie /var/www/html/subjects/webauthoring/websites2003/it.nattalieh/images4 widerquad2.jpg
103.05.09 11:12 B H:\html\project\images4\015.jpg --> mail.cti-clonmel.ie /var/www/html/subjects/webauthoring/websites2003/it.nattalieh/project/images4 015.jpg
103.05.09 11:12 B H:\html\project\images4\018.jpg --> mail.cti-clonmel.ie /var/www/html/subjects/webauthoring/websites2003/it.nattalieh/project/images4 018.jpg
103.05.09 11:12 B H:\html\project\images4\023.jpg --> mail.cti-clonmel.ie /var/www/html/subjects/webauthoring/websites2003/it.nattalieh/project/images4 023.jpg
103.05.09 11:12 B H:\html\project\images4\3dgraphic15.jpg --> mail.cti-clonmel.ie /var/www/html/subjects/webauthoring/websites2003/it.nattalieh/project/images4 3dgraphic15.jpg
103.05.09 11:12 B H:\html\project\images4\airview_tif_jpg.jpg --> mail.cti-clonmel.ie /var/www/html/subjects/webauthoring/websites2003/it.nattalieh/project/images4 airview_tif_jpg.jpg
103.05.09 11:12 B H:\html\project\images4\bar_4.jpg --> mail.cti-clonmel.ie /var/www/html/subjects/webauthoring/websites2003/it.nattalieh/project/images4 bar_4.jpg
103.05.09 11:12 B H:\html\project\images4\cityhall.jpg --> mail.cti-clonmel.ie /var/www/html/subjects/webauthoring/websites2003/it.nattalieh/project/images4 cityhall.jpg
103.05.09 11:12 B H:\html\project\images4\cityhall.JPG --> mail.cti-clonmel.ie /var/www/html/subjects/webauthoring/websites2003/it.nattalieh/project/images4 cityhall.JPG
103.05.09 11:12 B H:\html\project\images4\cork-map.jpg --> mail.cti-clonmel.ie /var/www/html/subjects/webauthoring/websites2003/it.nattalieh/project/images4 cork-map.jpg
103.05.09 11:12 B H:\html\project\images4\cork-night.JPG --> mail.cti-clonmel.ie /var/www/html/subjects/webauthoring/websites2003/it.nattalieh/project/images4 cork-night.JPG
103.05.09 11:12 B H:\html\project\images4\cork.jpg --> mail.cti-clonmel.ie /var/www/html/subjects/webauthoring/websites2003/it.nattalieh/project/images4 cork.jpg
103.05.09 11:12 B H:\html\project\images4\cork_city_ireland.jpg --> mail.cti-clonmel.ie /var/www/html/subjects/webauthoring/websites2003/it.nattalieh/project/images4 cork_city_ireland.jpg
103.05.09 11:12 B H:\html\project\images4\corkcitygaol.gif --> mail.cti-clonmel.ie /var/www/html/subjects/webauthoring/websites2003/it.nattalieh/project/images4 corkcitygaol.gif
103.05.09 11:12 B H:\html\project\images4\flagsbridge.jpg --> mail.cti-clonmel.ie /var/www/html/subjects/webauthoring/websites2003/it.nattalieh/project/images4 flagsbridge.jpg
103.05.09 11:12 B H:\html\project\images4\Fota1.jpg --> mail.cti-clonmel.ie /var/www/html/subjects/webauthoring/websites2003/it.nattalieh/project/images4 Fota1.jpg
103.05.09 11:12 B H:\html\project\images4\Fota2.jpg --> mail.cti-clonmel.ie /var/www/html/subjects/webauthoring/websites2003/it.nattalieh/project/images4 Fota2.jpg
103.05.09 11:12 B H:\html\project\images4\frontview12.jpg --> mail.cti-clonmel.ie /var/www/html/subjects/webauthoring/websites2003/it.nattalieh/project/images4 frontview12.jpg
103.05.09 11:12 B H:\html\project\images4\gov12.jpg --> mail.cti-clonmel.ie /var/www/html/subjects/webauthoring/websites2003/it.nattalieh/project/images4 gov12.jpg
103.05.09 11:12 B H:\html\project\images4\guards12.jpg --> mail.cti-clonmel.ie /var/www/html/subjects/webauthoring/websites2003/it.nattalieh/project/images4 guards12.jpg
103.05.09 11:12 B H:\html\project\images4\homeanim.jpg --> mail.cti-clonmel.ie /var/www/html/subjects/webauthoring/websites2003/it.nattalieh/project/images4 homeanim.jpg
103.05.09 11:12 B H:\html\project\images4\ireland.jpg --> mail.cti-clonmel.ie /var/www/html/subjects/webauthoring/websites2003/it.nattalieh/project/images4 ireland.jpg
103.05.09 11:12 B H:\html\project\images4\millennum_cityhall1.jpg --> mail.cti-clonmel.ie /var/www/html/subjects/webauthoring/websites2003/it.nattalieh/project/images4 millennum_cityhall1.jpg
103.05.09 11:12 B H:\html\project\images4\montage1.jpg --> mail.cti-clonmel.ie /var/www/html/subjects/webauthoring/websites2003/it.nattalieh/project/images4 montage1.jpg
103.05.09 11:12 B H:\html\project\images4\munster.jpg --> mail.cti-clonmel.ie /var/www/html/subjects/webauthoring/websites2003/it.nattalieh/project/images4 munster.jpg
103.05.09 11:12 B H:\html\project\images4\museum.jpg --> mail.cti-clonmel.ie /var/www/html/subjects/webauthoring/websites2003/it.nattalieh/project/images4 museum.jpg
103.05.09 11:12 B H:\html\project\images4\newhallroof.jpg --> mail.cti-clonmel.ie /var/www/html/subjects/webauthoring/websites2003/it.nattalieh/project/images4 newhallroof.jpg
103.05.09 11:12 B H:\html\project\images4\next.jpg --> mail.cti-clonmel.ie /var/www/html/subjects/webauthoring/websites2003/it.nattalieh/project/images4 next.jpg
103.05.09 11:12 B H:\html\project\images4\nl_bbar.jpg --> mail.cti-clonmel.ie /var/www/html/subjects/webauthoring/websites2003/it.nattalieh/project/images4 nl_bbar.jpg
103.05.09 11:12 B H:\html\project\images4\patricks-Hill.jpg --> mail.cti-clonmel.ie /var/www/html/subjects/webauthoring/websites2003/it.nattalieh/project/images4 patricks-Hill.jpg
103.05.09 11:12 B H:\html\project\images4\postcard1.jpg --> mail.cti-clonmel.ie /var/www/html/subjects/webauthoring/websites2003/it.nattalieh/project/images4 postcard1.jpg
103.05.09 11:12 B H:\html\project\images4\priest12.jpg --> mail.cti-clonmel.ie /var/www/html/subjects/webauthoring/websites2003/it.nattalieh/project/images4 priest12.jpg
103.05.09 11:12 B H:\html\project\images4\radioman15.jpg --> mail.cti-clonmel.ie /var/www/html/subjects/webauthoring/websites2003/it.nattalieh/project/images4 radioman15.jpg
103.05.09 11:12 B H:\html\project\images4\rotating.jpg --> mail.cti-clonmel.ie /var/www/html/subjects/webauthoring/websites2003/it.nattalieh/project/images4 rotating.jpg
103.05.09 11:12 B H:\html\project\images4\rule02.jpg --> mail.cti-clonmel.ie /var/www/html/subjects/webauthoring/websites2003/it.nattalieh/project/images4 rule02.jpg
103.05.09 11:12 B H:\html\project\images4\sitemap1.gif --> mail.cti-clonmel.ie /var/www/html/subjects/webauthoring/websites2003/it.nattalieh/project/images4 sitemap1.gif
103.05.09 11:12 B H:\html\project\images4\spiral12.jpg --> mail.cti-clonmel.ie /var/www/html/subjects/webauthoring/websites2003/it.nattalieh/project/images4 spiral12.jpg
103.05.09 11:12 B H:\html\project\images4\st-finbarrs.jpg --> mail.cti-clonmel.ie /var/www/html/subjects/webauthoring/websites2003/it.nattalieh/project/images4 st-finbarrs.jpg
103.05.09 11:12 B H:\html\project\images4\tippcork.jpg --> mail.cti-clonmel.ie /var/www/html/subjects/webauthoring/websites2003/it.nattalieh/project/images4 tippcork.jpg
103.05.09 11:12 B H:\html\project\images4\topleft20.gif --> mail.cti-clonmel.ie /var/www/html/subjects/webauthoring/websites2003/it.nattalieh/project/images4 topleft20.gif
103.05.09 11:12 B H:\html\project\images4\walls12.jpg --> mail.cti-clonmel.ie /var/www/html/subjects/webauthoring/websites2003/it.nattalieh/project/images4 walls12.jpg
103.05.09 11:12 B H:\html\project\images4\welkom4.jpg --> mail.cti-clonmel.ie /var/www/html/subjects/webauthoring/websites2003/it.nattalieh/project/images4 welkom4.jpg
103.05.09 11:12 B H:\html\project\images4\widerquad2.jpg --> mail.cti-clonmel.ie /var/www/html/subjects/webauthoring/websites2003/it.nattalieh/project/images4 widerquad2.jpg
103.05.09 11:12 B H:\html\project\images4\WS_FTP.LOG --> mail.cti-clonmel.ie /var/www/html/subjects/webauthoring/websites2003/it.nattalieh/project/images4 WS_FTP.LOG
103.05.09 11:41 B H:\html\project\images4\015.jpg --> mail.cti-clonmel.ie /var/www/html/subjects/webauthoring/websites2003/it.nattalieh/project/images4 015.jpg
103.05.09 11:41 B H:\html\project\images4\018.jpg --> mail.cti-clonmel.ie /var/www/html/subjects/webauthoring/websites2003/it.nattalieh/project/images4 018.jpg
103.05.09 11:41 B H:\html\project\images4\023.jpg --> mail.cti-clonmel.ie /var/www/html/subjects/webauthoring/websites2003/it.nattalieh/project/images4 023.jpg
103.05.09 11:41 B H:\html\project\images4\3dgraphic15.jpg --> mail.cti-clonmel.ie /var/www/html/subjects/webauthoring/websites2003/it.nattalieh/project/images4 3dgraphic15.jpg
103.05.09 11:41 B H:\html\project\images4\airview_tif_jpg.jpg --> mail.cti-clonmel.ie /var/www/html/subjects/webauthoring/websites2003/it.nattalieh/project/images4 airview_tif_jpg.jpg
103.05.09 11:41 B H:\html\project\images4\bar_4.jpg --> mail.cti-clonmel.ie /var/www/html/subjects/webauthoring/websites2003/it.nattalieh/project/images4 bar_4.jpg
103.05.09 11:41 B H:\html\project\images4\cityhall.jpg --> mail.cti-clonmel.ie /var/www/html/subjects/webauthoring/websites2003/it.nattalieh/project/images4 cityhall.jpg
103.05.09 11:41 B H:\html\project\images4\cityhall.JPG --> mail.cti-clonmel.ie /var/www/html/subjects/webauthoring/websites2003/it.nattalieh/project/images4 cityhall.JPG
103.05.09 11:41 B H:\html\project\images4\cork-map.jpg --> mail.cti-clonmel.ie /var/www/html/subjects/webauthoring/websites2003/it.nattalieh/project/images4 cork-map.jpg
103.05.09 11:41 B H:\html\project\images4\cork-night.JPG --> mail.cti-clonmel.ie /var/www/html/subjects/webauthoring/websites2003/it.nattalieh/project/images4 cork-night.JPG
103.05.09 11:41 B H:\html\project\images4\cork.jpg --> mail.cti-clonmel.ie /var/www/html/subjects/webauthoring/websites2003/it.nattalieh/project/images4 cork.jpg
103.05.09 11:41 B H:\html\project\images4\cork_city_ireland.jpg --> mail.cti-clonmel.ie /var/www/html/subjects/webauthoring/websites2003/it.nattalieh/project/images4 cork_city_ireland.jpg
103.05.09 11:41 B H:\html\project\images4\corkcitygaol.gif --> mail.cti-clonmel.ie /var/www/html/subjects/webauthoring/websites2003/it.nattalieh/project/images4 corkcitygaol.gif
103.05.09 11:41 B H:\html\project\images4\flagsbridge.jpg --> mail.cti-clonmel.ie /var/www/html/subjects/webauthoring/websites2003/it.nattalieh/project/images4 flagsbridge.jpg
103.05.09 11:41 B H:\html\project\images4\Fota1.jpg --> mail.cti-clonmel.ie /var/www/html/subjects/webauthoring/websites2003/it.nattalieh/project/images4 Fota1.jpg
103.05.09 11:41 B H:\html\project\images4\Fota2.jpg --> mail.cti-clonmel.ie /var/www/html/subjects/webauthoring/websites2003/it.nattalieh/project/images4 Fota2.jpg
103.05.09 11:41 B H:\html\project\images4\frontview12.jpg --> mail.cti-clonmel.ie /var/www/html/subjects/webauthoring/websites2003/it.nattalieh/project/images4 frontview12.jpg
103.05.09 11:41 B H:\html\project\images4\gov12.jpg --> mail.cti-clonmel.ie /var/www/html/subjects/webauthoring/websites2003/it.nattalieh/project/images4 gov12.jpg
103.05.09 11:41 B H:\html\project\images4\guards12.jpg --> mail.cti-clonmel.ie /var/www/html/subjects/webauthoring/websites2003/it.nattalieh/project/images4 guards12.jpg
103.05.09 11:41 B H:\html\project\images4\homeanim.jpg --> mail.cti-clonmel.ie /var/www/html/subjects/webauthoring/websites2003/it.nattalieh/project/images4 homeanim.jpg
103.05.09 11:41 B H:\html\project\images4\ireland.jpg --> mail.cti-clonmel.ie /var/www/html/subjects/webauthoring/websites2003/it.nattalieh/project/images4 ireland.jpg
103.05.09 11:41 B H:\html\project\images4\millennum_cityhall1.jpg --> mail.cti-clonmel.ie /var/www/html/subjects/webauthoring/websites2003/it.nattalieh/project/images4 millennum_cityhall1.jpg
103.05.09 11:41 B H:\html\project\images4\montage1.jpg --> mail.cti-clonmel.ie /var/www/html/subjects/webauthoring/websites2003/it.nattalieh/project/images4 montage1.jpg
103.05.09 11:41 B H:\html\project\images4\munster.jpg --> mail.cti-clonmel.ie /var/www/html/subjects/webauthoring/websites2003/it.nattalieh/project/images4 munster.jpg
103.05.09 11:41 B H:\html\project\images4\museum.jpg --> mail.cti-clonmel.ie /var/www/html/subjects/webauthoring/websites2003/it.nattalieh/project/images4 museum.jpg
103.05.09 11:41 B H:\html\project\images4\newhallroof.jpg --> mail.cti-clonmel.ie /var/www/html/subjects/webauthoring/websites2003/it.nattalieh/project/images4 newhallroof.jpg
103.05.09 11:41 B H:\html\project\images4\next.jpg --> mail.cti-clonmel.ie /var/www/html/subjects/webauthoring/websites2003/it.nattalieh/project/images4 next.jpg
103.05.09 11:41 B H:\html\project\images4\nl_bbar.jpg --> mail.cti-clonmel.ie /var/www/html/subjects/webauthoring/websites2003/it.nattalieh/project/images4 nl_bbar.jpg
103.05.09 11:41 B H:\html\project\images4\patricks-Hill.jpg --> mail.cti-clonmel.ie /var/www/html/subjects/webauthoring/websites2003/it.nattalieh/project/images4 patricks-Hill.jpg
103.05.09 11:41 B H:\html\project\images4\postcard1.jpg --> mail.cti-clonmel.ie /var/www/html/subjects/webauthoring/websites2003/it.nattalieh/project/images4 postcard1.jpg
103.05.09 11:41 B H:\html\project\images4\priest12.jpg --> mail.cti-clonmel.ie /var/www/html/subjects/webauthoring/websites2003/it.nattalieh/project/images4 priest12.jpg
103.05.09 11:41 B H:\html\project\images4\radioman15.jpg --> mail.cti-clonmel.ie /var/www/html/subjects/webauthoring/websites2003/it.nattalieh/project/images4 radioman15.jpg
103.05.09 11:41 B H:\html\project\images4\rotating.jpg --> mail.cti-clonmel.ie /var/www/html/subjects/webauthoring/websites2003/it.nattalieh/project/images4 rotating.jpg
103.05.09 11:41 B H:\html\project\images4\rule02.jpg --> mail.cti-clonmel.ie /var/www/html/subjects/webauthoring/websites2003/it.nattalieh/project/images4 rule02.jpg
103.05.09 11:41 B H:\html\project\images4\sitemap1.gif --> mail.cti-clonmel.ie /var/www/html/subjects/webauthoring/websites2003/it.nattalieh/project/images4 sitemap1.gif
103.05.09 11:41 B H:\html\project\images4\spiral12.jpg --> mail.cti-clonmel.ie /var/www/html/subjects/webauthoring/websites2003/it.nattalieh/project/images4 spiral12.jpg
103.05.09 11:41 B H:\html\project\images4\st-finbarrs.jpg --> mail.cti-clonmel.ie /var/www/html/subjects/webauthoring/websites2003/it.nattalieh/project/images4 st-finbarrs.jpg
103.05.09 11:41 B H:\html\project\images4\tippcork.jpg --> mail.cti-clonmel.ie /var/www/html/subjects/webauthoring/websites2003/it.nattalieh/project/images4 tippcork.jpg
103.05.09 11:41 B H:\html\project\images4\topleft20.gif --> mail.cti-clonmel.ie /var/www/html/subjects/webauthoring/websites2003/it.nattalieh/project/images4 topleft20.gif
103.05.09 11:41 B H:\html\project\images4\walls12.jpg --> mail.cti-clonmel.ie /var/www/html/subjects/webauthoring/websites2003/it.nattalieh/project/images4 walls12.jpg
103.05.09 11:41 B H:\html\project\images4\welkom4.jpg --> mail.cti-clonmel.ie /var/www/html/subjects/webauthoring/websites2003/it.nattalieh/project/images4 welkom4.jpg
103.05.09 11:41 B H:\html\project\images4\widerquad2.jpg --> mail.cti-clonmel.ie /var/www/html/subjects/webauthoring/websites2003/it.nattalieh/project/images4 widerquad2.jpg
