103.05.12 12:32 B H:\html\site3\images\00_00023_small.jpg --> mail.cti-clonmel.ie /var/www/html/subjects/webauthoring/websites2003/it.susanm/project/images 00_00023_small.jpg
103.05.12 12:32 B H:\html\site3\images\022.jpg --> mail.cti-clonmel.ie /var/www/html/subjects/webauthoring/websites2003/it.susanm/project/images 022.jpg
103.05.12 12:32 B H:\html\site3\images\023.jpg --> mail.cti-clonmel.ie /var/www/html/subjects/webauthoring/websites2003/it.susanm/project/images 023.jpg
103.05.12 12:32 B H:\html\site3\images\1new.gif --> mail.cti-clonmel.ie /var/www/html/subjects/webauthoring/websites2003/it.susanm/project/images 1new.gif
103.05.12 12:32 B H:\html\site3\images\3bart.gif --> mail.cti-clonmel.ie /var/www/html/subjects/webauthoring/websites2003/it.susanm/project/images 3bart.gif
103.05.12 12:32 B H:\html\site3\images\ballmail.gif --> mail.cti-clonmel.ie /var/www/html/subjects/webauthoring/websites2003/it.susanm/project/images ballmail.gif
103.05.12 12:32 B H:\html\site3\images\CarrigIreland2-4x3.jpg --> mail.cti-clonmel.ie /var/www/html/subjects/webauthoring/websites2003/it.susanm/project/images CarrigIreland2-4x3.jpg
103.05.12 12:32 B H:\html\site3\images\city_hall.gif --> mail.cti-clonmel.ie /var/www/html/subjects/webauthoring/websites2003/it.susanm/project/images city_hall.gif
103.05.12 12:32 B H:\html\site3\images\coin_anim.gif --> mail.cti-clonmel.ie /var/www/html/subjects/webauthoring/websites2003/it.susanm/project/images coin_anim.gif
103.05.12 12:32 B H:\html\site3\images\cork2.jpg --> mail.cti-clonmel.ie /var/www/html/subjects/webauthoring/websites2003/it.susanm/project/images cork2.jpg
103.05.12 12:32 B H:\html\site3\images\cork_harbour_sunset_200.JPG --> mail.cti-clonmel.ie /var/www/html/subjects/webauthoring/websites2003/it.susanm/project/images cork_harbour_sunset_200.JPG
103.05.12 12:32 B H:\html\site3\images\cork_map.gif --> mail.cti-clonmel.ie /var/www/html/subjects/webauthoring/websites2003/it.susanm/project/images cork_map.gif
103.05.12 12:32 B H:\html\site3\images\cork_shield.jpg --> mail.cti-clonmel.ie /var/www/html/subjects/webauthoring/websites2003/it.susanm/project/images cork_shield.jpg
103.05.12 12:32 B H:\html\site3\images\corkarms.gif --> mail.cti-clonmel.ie /var/www/html/subjects/webauthoring/websites2003/it.susanm/project/images corkarms.gif
103.05.12 12:32 B H:\html\site3\images\corkcity_sm.gif --> mail.cti-clonmel.ie /var/www/html/subjects/webauthoring/websites2003/it.susanm/project/images corkcity_sm.gif
103.05.12 12:32 B H:\html\site3\images\corkmap.jpg --> mail.cti-clonmel.ie /var/www/html/subjects/webauthoring/websites2003/it.susanm/project/images corkmap.jpg
103.05.12 12:32 B H:\html\site3\images\default.jpg --> mail.cti-clonmel.ie /var/www/html/subjects/webauthoring/websites2003/it.susanm/project/images default.jpg
103.05.12 12:32 B H:\html\site3\images\emailbox.gif --> mail.cti-clonmel.ie /var/www/html/subjects/webauthoring/websites2003/it.susanm/project/images emailbox.gif
103.05.12 12:32 B H:\html\site3\images\flag.gif --> mail.cti-clonmel.ie /var/www/html/subjects/webauthoring/websites2003/it.susanm/project/images flag.gif
103.05.12 12:32 B H:\html\site3\images\flag.gify --> mail.cti-clonmel.ie /var/www/html/subjects/webauthoring/websites2003/it.susanm/project/images flag.gify
103.05.12 12:32 B H:\html\site3\images\frontfoto.jpg --> mail.cti-clonmel.ie /var/www/html/subjects/webauthoring/websites2003/it.susanm/project/images frontfoto.jpg
103.05.12 12:32 B H:\html\site3\images\icbar43538a.jpg --> mail.cti-clonmel.ie /var/www/html/subjects/webauthoring/websites2003/it.susanm/project/images icbar43538a.jpg
103.05.12 12:32 B H:\html\site3\images\icbar43538b.jpg --> mail.cti-clonmel.ie /var/www/html/subjects/webauthoring/websites2003/it.susanm/project/images icbar43538b.jpg
103.05.12 12:32 B H:\html\site3\images\icbar43538c.jpg --> mail.cti-clonmel.ie /var/www/html/subjects/webauthoring/websites2003/it.susanm/project/images icbar43538c.jpg
103.05.12 12:32 B H:\html\site3\images\nightquad1.jpg --> mail.cti-clonmel.ie /var/www/html/subjects/webauthoring/websites2003/it.susanm/project/images nightquad1.jpg
103.05.12 12:32 B H:\html\site3\images\queue1.jpg --> mail.cti-clonmel.ie /var/www/html/subjects/webauthoring/websites2003/it.susanm/project/images queue1.jpg
103.05.12 12:32 B H:\html\site3\images\shandon.gif --> mail.cti-clonmel.ie /var/www/html/subjects/webauthoring/websites2003/it.susanm/project/images shandon.gif
103.05.12 12:32 B H:\html\site3\images\stfinnbarrs_small.jpg --> mail.cti-clonmel.ie /var/www/html/subjects/webauthoring/websites2003/it.susanm/project/images stfinnbarrs_small.jpg
103.05.12 12:32 B H:\html\site3\images\will_small.jpg --> mail.cti-clonmel.ie /var/www/html/subjects/webauthoring/websites2003/it.susanm/project/images will_small.jpg
103.05.12 12:32 B H:\html\site3\images\www.mangans.com.html --> mail.cti-clonmel.ie /var/www/html/subjects/webauthoring/websites2003/it.susanm/project/images www.mangans.com.html
103.05.12 14:16 B H:\html\site3\images\00_00023_small.jpg --> mail.cti-clonmel.ie /var/www/html/subjects/webauthoring/websites2003/it.susanm/project/images 00_00023_small.jpg
103.05.12 14:16 B H:\html\site3\images\022.jpg --> mail.cti-clonmel.ie /var/www/html/subjects/webauthoring/websites2003/it.susanm/project/images 022.jpg
103.05.12 14:16 B H:\html\site3\images\023.jpg --> mail.cti-clonmel.ie /var/www/html/subjects/webauthoring/websites2003/it.susanm/project/images 023.jpg
103.05.12 14:16 B H:\html\site3\images\1new.gif --> mail.cti-clonmel.ie /var/www/html/subjects/webauthoring/websites2003/it.susanm/project/images 1new.gif
103.05.12 14:16 B H:\html\site3\images\3bart.gif --> mail.cti-clonmel.ie /var/www/html/subjects/webauthoring/websites2003/it.susanm/project/images 3bart.gif
103.05.12 14:16 B H:\html\site3\images\ballmail.gif --> mail.cti-clonmel.ie /var/www/html/subjects/webauthoring/websites2003/it.susanm/project/images ballmail.gif
103.05.12 14:16 B H:\html\site3\images\CarrigIreland2-4x3.jpg --> mail.cti-clonmel.ie /var/www/html/subjects/webauthoring/websites2003/it.susanm/project/images CarrigIreland2-4x3.jpg
103.05.12 14:16 B H:\html\site3\images\city_hall.gif --> mail.cti-clonmel.ie /var/www/html/subjects/webauthoring/websites2003/it.susanm/project/images city_hall.gif
103.05.12 14:16 B H:\html\site3\images\coin_anim.gif --> mail.cti-clonmel.ie /var/www/html/subjects/webauthoring/websites2003/it.susanm/project/images coin_anim.gif
103.05.12 14:16 B H:\html\site3\images\cork2.jpg --> mail.cti-clonmel.ie /var/www/html/subjects/webauthoring/websites2003/it.susanm/project/images cork2.jpg
103.05.12 14:16 B H:\html\site3\images\cork_harbour_sunset_200.JPG --> mail.cti-clonmel.ie /var/www/html/subjects/webauthoring/websites2003/it.susanm/project/images cork_harbour_sunset_200.JPG
103.05.12 14:16 B H:\html\site3\images\cork_map.gif --> mail.cti-clonmel.ie /var/www/html/subjects/webauthoring/websites2003/it.susanm/project/images cork_map.gif
103.05.12 14:16 B H:\html\site3\images\cork_shield.jpg --> mail.cti-clonmel.ie /var/www/html/subjects/webauthoring/websites2003/it.susanm/project/images cork_shield.jpg
103.05.12 14:16 B H:\html\site3\images\corkarms.gif --> mail.cti-clonmel.ie /var/www/html/subjects/webauthoring/websites2003/it.susanm/project/images corkarms.gif
103.05.12 14:16 B H:\html\site3\images\corkcity_sm.gif --> mail.cti-clonmel.ie /var/www/html/subjects/webauthoring/websites2003/it.susanm/project/images corkcity_sm.gif
103.05.12 14:16 B H:\html\site3\images\corkmap.jpg --> mail.cti-clonmel.ie /var/www/html/subjects/webauthoring/websites2003/it.susanm/project/images corkmap.jpg
103.05.12 14:16 B H:\html\site3\images\default.jpg --> mail.cti-clonmel.ie /var/www/html/subjects/webauthoring/websites2003/it.susanm/project/images default.jpg
103.05.12 14:16 B H:\html\site3\images\emailbox.gif --> mail.cti-clonmel.ie /var/www/html/subjects/webauthoring/websites2003/it.susanm/project/images emailbox.gif
103.05.12 14:16 B H:\html\site3\images\flag.gif --> mail.cti-clonmel.ie /var/www/html/subjects/webauthoring/websites2003/it.susanm/project/images flag.gif
103.05.12 14:16 B H:\html\site3\images\flag.gify --> mail.cti-clonmel.ie /var/www/html/subjects/webauthoring/websites2003/it.susanm/project/images flag.gify
103.05.12 14:16 B H:\html\site3\images\frontfoto.jpg --> mail.cti-clonmel.ie /var/www/html/subjects/webauthoring/websites2003/it.susanm/project/images frontfoto.jpg
103.05.12 14:16 B H:\html\site3\images\icbar43538a.jpg --> mail.cti-clonmel.ie /var/www/html/subjects/webauthoring/websites2003/it.susanm/project/images icbar43538a.jpg
103.05.12 14:16 B H:\html\site3\images\icbar43538b.jpg --> mail.cti-clonmel.ie /var/www/html/subjects/webauthoring/websites2003/it.susanm/project/images icbar43538b.jpg
103.05.12 14:16 B H:\html\site3\images\icbar43538c.jpg --> mail.cti-clonmel.ie /var/www/html/subjects/webauthoring/websites2003/it.susanm/project/images icbar43538c.jpg
103.05.12 14:16 B H:\html\site3\images\nightquad1.jpg --> mail.cti-clonmel.ie /var/www/html/subjects/webauthoring/websites2003/it.susanm/project/images nightquad1.jpg
103.05.12 14:16 B H:\html\site3\images\queue1.jpg --> mail.cti-clonmel.ie /var/www/html/subjects/webauthoring/websites2003/it.susanm/project/images queue1.jpg
103.05.12 14:16 B H:\html\site3\images\shandon.gif --> mail.cti-clonmel.ie /var/www/html/subjects/webauthoring/websites2003/it.susanm/project/images shandon.gif
103.05.12 14:16 B H:\html\site3\images\stfinnbarrs_small.jpg --> mail.cti-clonmel.ie /var/www/html/subjects/webauthoring/websites2003/it.susanm/project/images stfinnbarrs_small.jpg
103.05.12 14:16 B H:\html\site3\images\will_small.jpg --> mail.cti-clonmel.ie /var/www/html/subjects/webauthoring/websites2003/it.susanm/project/images will_small.jpg
103.05.12 14:16 B H:\html\site3\images\WS_FTP.LOG --> mail.cti-clonmel.ie /var/www/html/subjects/webauthoring/websites2003/it.susanm/project/images WS_FTP.LOG
103.05.12 14:16 B H:\html\site3\images\www.mangans.com.html --> mail.cti-clonmel.ie /var/www/html/subjects/webauthoring/websites2003/it.susanm/project/images www.mangans.com.html
103.05.13 14:33 B H:\html\site3\images\00_00023_small.jpg --> mail.cti-clonmel.ie /var/www/html/subjects/webauthoring/websites2003/it.susanm/project/images 00_00023_small.jpg
103.05.13 14:33 B H:\html\site3\images\022.jpg --> mail.cti-clonmel.ie /var/www/html/subjects/webauthoring/websites2003/it.susanm/project/images 022.jpg
103.05.13 14:33 B H:\html\site3\images\023.jpg --> mail.cti-clonmel.ie /var/www/html/subjects/webauthoring/websites2003/it.susanm/project/images 023.jpg
103.05.13 14:33 B H:\html\site3\images\1new.gif --> mail.cti-clonmel.ie /var/www/html/subjects/webauthoring/websites2003/it.susanm/project/images 1new.gif
103.05.13 14:33 B H:\html\site3\images\3bart.gif --> mail.cti-clonmel.ie /var/www/html/subjects/webauthoring/websites2003/it.susanm/project/images 3bart.gif
103.05.13 14:33 B H:\html\site3\images\ballmail.gif --> mail.cti-clonmel.ie /var/www/html/subjects/webauthoring/websites2003/it.susanm/project/images ballmail.gif
103.05.13 14:33 B H:\html\site3\images\CarrigIreland2-4x3.jpg --> mail.cti-clonmel.ie /var/www/html/subjects/webauthoring/websites2003/it.susanm/project/images CarrigIreland2-4x3.jpg
103.05.13 14:33 B H:\html\site3\images\city_hall.gif --> mail.cti-clonmel.ie /var/www/html/subjects/webauthoring/websites2003/it.susanm/project/images city_hall.gif
103.05.13 14:33 B H:\html\site3\images\coin_anim.gif --> mail.cti-clonmel.ie /var/www/html/subjects/webauthoring/websites2003/it.susanm/project/images coin_anim.gif
103.05.13 14:33 B H:\html\site3\images\cork2.jpg --> mail.cti-clonmel.ie /var/www/html/subjects/webauthoring/websites2003/it.susanm/project/images cork2.jpg
103.05.13 14:33 B H:\html\site3\images\cork_harbour_sunset_200.JPG --> mail.cti-clonmel.ie /var/www/html/subjects/webauthoring/websites2003/it.susanm/project/images cork_harbour_sunset_200.JPG
103.05.13 14:33 B H:\html\site3\images\cork_map.gif --> mail.cti-clonmel.ie /var/www/html/subjects/webauthoring/websites2003/it.susanm/project/images cork_map.gif
103.05.13 14:33 B H:\html\site3\images\cork_shield.jpg --> mail.cti-clonmel.ie /var/www/html/subjects/webauthoring/websites2003/it.susanm/project/images cork_shield.jpg
103.05.13 14:33 B H:\html\site3\images\corkarms.gif --> mail.cti-clonmel.ie /var/www/html/subjects/webauthoring/websites2003/it.susanm/project/images corkarms.gif
103.05.13 14:33 B H:\html\site3\images\corkcity_sm.gif --> mail.cti-clonmel.ie /var/www/html/subjects/webauthoring/websites2003/it.susanm/project/images corkcity_sm.gif
103.05.13 14:33 B H:\html\site3\images\corkmap.jpg --> mail.cti-clonmel.ie /var/www/html/subjects/webauthoring/websites2003/it.susanm/project/images corkmap.jpg
103.05.13 14:33 B H:\html\site3\images\default.jpg --> mail.cti-clonmel.ie /var/www/html/subjects/webauthoring/websites2003/it.susanm/project/images default.jpg
103.05.13 14:33 B H:\html\site3\images\emailbox.gif --> mail.cti-clonmel.ie /var/www/html/subjects/webauthoring/websites2003/it.susanm/project/images emailbox.gif
103.05.13 14:33 B H:\html\site3\images\flag.gif --> mail.cti-clonmel.ie /var/www/html/subjects/webauthoring/websites2003/it.susanm/project/images flag.gif
103.05.13 14:33 B H:\html\site3\images\flag.gify --> mail.cti-clonmel.ie /var/www/html/subjects/webauthoring/websites2003/it.susanm/project/images flag.gify
103.05.13 14:33 B H:\html\site3\images\frontfoto.jpg --> mail.cti-clonmel.ie /var/www/html/subjects/webauthoring/websites2003/it.susanm/project/images frontfoto.jpg
103.05.13 14:33 B H:\html\site3\images\icbar43538a.jpg --> mail.cti-clonmel.ie /var/www/html/subjects/webauthoring/websites2003/it.susanm/project/images icbar43538a.jpg
103.05.13 14:33 B H:\html\site3\images\icbar43538b.jpg --> mail.cti-clonmel.ie /var/www/html/subjects/webauthoring/websites2003/it.susanm/project/images icbar43538b.jpg
103.05.13 14:33 B H:\html\site3\images\icbar43538c.jpg --> mail.cti-clonmel.ie /var/www/html/subjects/webauthoring/websites2003/it.susanm/project/images icbar43538c.jpg
103.05.13 14:33 B H:\html\site3\images\nightquad1.jpg --> mail.cti-clonmel.ie /var/www/html/subjects/webauthoring/websites2003/it.susanm/project/images nightquad1.jpg
103.05.13 14:33 B H:\html\site3\images\queue1.jpg --> mail.cti-clonmel.ie /var/www/html/subjects/webauthoring/websites2003/it.susanm/project/images queue1.jpg
103.05.13 14:33 B H:\html\site3\images\shandon.gif --> mail.cti-clonmel.ie /var/www/html/subjects/webauthoring/websites2003/it.susanm/project/images shandon.gif
103.05.13 14:33 B H:\html\site3\images\stfinnbarrs_small.jpg --> mail.cti-clonmel.ie /var/www/html/subjects/webauthoring/websites2003/it.susanm/project/images stfinnbarrs_small.jpg
103.05.13 14:33 B H:\html\site3\images\will_small.jpg --> mail.cti-clonmel.ie /var/www/html/subjects/webauthoring/websites2003/it.susanm/project/images will_small.jpg
