103.05.09 11:09 B H:\html\site4\images\015.jpg --> mail.cti-clonmel.ie /var/www/html/subjects/webauthoring/websites2003/it.reginaom/images 015.jpg
103.05.09 11:09 B H:\html\site4\images\018.jpg --> mail.cti-clonmel.ie /var/www/html/subjects/webauthoring/websites2003/it.reginaom/images 018.jpg
103.05.09 11:09 B H:\html\site4\images\022.jpg --> mail.cti-clonmel.ie /var/www/html/subjects/webauthoring/websites2003/it.reginaom/images 022.jpg
103.05.09 11:09 B H:\html\site4\images\023.jpg --> mail.cti-clonmel.ie /var/www/html/subjects/webauthoring/websites2003/it.reginaom/images 023.jpg
103.05.09 11:09 B H:\html\site4\images\airview_tif_jpg.jpg --> mail.cti-clonmel.ie /var/www/html/subjects/webauthoring/websites2003/it.reginaom/images airview_tif_jpg.jpg
103.05.09 11:09 B H:\html\site4\images\back3DCLR.gif --> mail.cti-clonmel.ie /var/www/html/subjects/webauthoring/websites2003/it.reginaom/images back3DCLR.gif
103.05.09 11:09 B H:\html\site4\images\backcath.jpg --> mail.cti-clonmel.ie /var/www/html/subjects/webauthoring/websites2003/it.reginaom/images backcath.jpg
103.05.09 11:09 B H:\html\site4\images\brown thomas --> mail.cti-clonmel.ie /var/www/html/subjects/webauthoring/websites2003/it.reginaom/images brown thomas
103.05.09 11:09 B H:\html\site4\images\butterfirken --> mail.cti-clonmel.ie /var/www/html/subjects/webauthoring/websites2003/it.reginaom/images butterfirken
103.05.09 11:10 B H:\html\site4\images\BWUCC.GIF --> mail.cti-clonmel.ie /var/www/html/subjects/webauthoring/websites2003/it.reginaom/images BWUCC.GIF
103.05.09 11:10 B H:\html\site4\images\catrocket.gif --> mail.cti-clonmel.ie /var/www/html/subjects/webauthoring/websites2003/it.reginaom/images catrocket.gif
103.05.09 11:10 B H:\html\site4\images\cityhall_small.jpg --> mail.cti-clonmel.ie /var/www/html/subjects/webauthoring/websites2003/it.reginaom/images cityhall_small.jpg
103.05.09 11:10 B H:\html\site4\images\click_here.gif --> mail.cti-clonmel.ie /var/www/html/subjects/webauthoring/websites2003/it.reginaom/images click_here.gif
103.05.09 11:10 B H:\html\site4\images\cobgcat2b.jpg --> mail.cti-clonmel.ie /var/www/html/subjects/webauthoring/websites2003/it.reginaom/images cobgcat2b.jpg
103.05.09 11:10 B H:\html\site4\images\cork.1.jpg --> mail.cti-clonmel.ie /var/www/html/subjects/webauthoring/websites2003/it.reginaom/images cork.1.jpg
103.05.09 11:10 B H:\html\site4\images\cork1.jpg --> mail.cti-clonmel.ie /var/www/html/subjects/webauthoring/websites2003/it.reginaom/images cork1.jpg
103.05.09 11:10 B H:\html\site4\images\cork2.jpg --> mail.cti-clonmel.ie /var/www/html/subjects/webauthoring/websites2003/it.reginaom/images cork2.jpg
103.05.09 11:10 B H:\html\site4\images\cork3 --> mail.cti-clonmel.ie /var/www/html/subjects/webauthoring/websites2003/it.reginaom/images cork3
103.05.09 11:10 B H:\html\site4\images\cork_map.gif --> mail.cti-clonmel.ie /var/www/html/subjects/webauthoring/websites2003/it.reginaom/images cork_map.gif
103.05.09 11:10 B H:\html\site4\images\corkcity --> mail.cti-clonmel.ie /var/www/html/subjects/webauthoring/websites2003/it.reginaom/images corkcity
103.05.09 11:10 B H:\html\site4\images\corkcity1 --> mail.cti-clonmel.ie /var/www/html/subjects/webauthoring/websites2003/it.reginaom/images corkcity1
103.05.09 11:10 B H:\html\site4\images\corkcity2 --> mail.cti-clonmel.ie /var/www/html/subjects/webauthoring/websites2003/it.reginaom/images corkcity2
103.05.09 11:10 B H:\html\site4\images\corkcitymap --> mail.cti-clonmel.ie /var/www/html/subjects/webauthoring/websites2003/it.reginaom/images corkcitymap
103.05.09 11:10 B H:\html\site4\images\georgesquaynight_01.jpg --> mail.cti-clonmel.ie /var/www/html/subjects/webauthoring/websites2003/it.reginaom/images georgesquaynight_01.jpg
103.05.09 11:10 B H:\html\site4\images\home.gif --> mail.cti-clonmel.ie /var/www/html/subjects/webauthoring/websites2003/it.reginaom/images home.gif
103.05.09 11:10 B H:\html\site4\images\ireland.jpg --> mail.cti-clonmel.ie /var/www/html/subjects/webauthoring/websites2003/it.reginaom/images ireland.jpg
103.05.09 11:10 B H:\html\site4\images\ireland_fl_md_clr.gif --> mail.cti-clonmel.ie /var/www/html/subjects/webauthoring/websites2003/it.reginaom/images ireland_fl_md_clr.gif
103.05.09 11:10 B H:\html\site4\images\ladybug_zigzag_md_wht.gif --> mail.cti-clonmel.ie /var/www/html/subjects/webauthoring/websites2003/it.reginaom/images ladybug_zigzag_md_wht.gif
103.05.09 11:10 B H:\html\site4\images\map1 --> mail.cti-clonmel.ie /var/www/html/subjects/webauthoring/websites2003/it.reginaom/images map1
103.05.09 11:10 B H:\html\site4\images\mh5item36st.gif --> mail.cti-clonmel.ie /var/www/html/subjects/webauthoring/websites2003/it.reginaom/images mh5item36st.gif
103.05.09 11:10 B H:\html\site4\images\museum.gif --> mail.cti-clonmel.ie /var/www/html/subjects/webauthoring/websites2003/it.reginaom/images museum.gif
103.05.09 11:10 B H:\html\site4\images\next3DCLR.gif --> mail.cti-clonmel.ie /var/www/html/subjects/webauthoring/websites2003/it.reginaom/images next3DCLR.gif
103.05.09 11:10 B H:\html\site4\images\ocean2.jpg --> mail.cti-clonmel.ie /var/www/html/subjects/webauthoring/websites2003/it.reginaom/images ocean2.jpg
103.05.09 11:10 B H:\html\site4\images\redline.gif --> mail.cti-clonmel.ie /var/www/html/subjects/webauthoring/websites2003/it.reginaom/images redline.gif
103.05.09 11:10 B H:\html\site4\images\sociallife_streetscene_small.gif --> mail.cti-clonmel.ie /var/www/html/subjects/webauthoring/websites2003/it.reginaom/images sociallife_streetscene_small.gif
103.05.09 11:10 B H:\html\site4\images\wellpage.gif --> mail.cti-clonmel.ie /var/www/html/subjects/webauthoring/websites2003/it.reginaom/images wellpage.gif
103.05.09 11:10 B H:\html\site4\images\015.jpg --> mail.cti-clonmel.ie /var/www/html/subjects/webauthoring/websites2003/it.reginaom/project/images 015.jpg
103.05.09 11:10 B H:\html\site4\images\018.jpg --> mail.cti-clonmel.ie /var/www/html/subjects/webauthoring/websites2003/it.reginaom/project/images 018.jpg
103.05.09 11:10 B H:\html\site4\images\022.jpg --> mail.cti-clonmel.ie /var/www/html/subjects/webauthoring/websites2003/it.reginaom/project/images 022.jpg
103.05.09 11:10 B H:\html\site4\images\023.jpg --> mail.cti-clonmel.ie /var/www/html/subjects/webauthoring/websites2003/it.reginaom/project/images 023.jpg
103.05.09 11:10 B H:\html\site4\images\airview_tif_jpg.jpg --> mail.cti-clonmel.ie /var/www/html/subjects/webauthoring/websites2003/it.reginaom/project/images airview_tif_jpg.jpg
103.05.09 11:10 B H:\html\site4\images\back3DCLR.gif --> mail.cti-clonmel.ie /var/www/html/subjects/webauthoring/websites2003/it.reginaom/project/images back3DCLR.gif
103.05.09 11:10 B H:\html\site4\images\backcath.jpg --> mail.cti-clonmel.ie /var/www/html/subjects/webauthoring/websites2003/it.reginaom/project/images backcath.jpg
103.05.09 11:10 B H:\html\site4\images\brown thomas --> mail.cti-clonmel.ie /var/www/html/subjects/webauthoring/websites2003/it.reginaom/project/images brown thomas
103.05.09 11:10 B H:\html\site4\images\butterfirken --> mail.cti-clonmel.ie /var/www/html/subjects/webauthoring/websites2003/it.reginaom/project/images butterfirken
103.05.09 11:10 B H:\html\site4\images\BWUCC.GIF --> mail.cti-clonmel.ie /var/www/html/subjects/webauthoring/websites2003/it.reginaom/project/images BWUCC.GIF
103.05.09 11:10 B H:\html\site4\images\catrocket.gif --> mail.cti-clonmel.ie /var/www/html/subjects/webauthoring/websites2003/it.reginaom/project/images catrocket.gif
103.05.09 11:10 B H:\html\site4\images\cityhall_small.jpg --> mail.cti-clonmel.ie /var/www/html/subjects/webauthoring/websites2003/it.reginaom/project/images cityhall_small.jpg
103.05.09 11:10 B H:\html\site4\images\click_here.gif --> mail.cti-clonmel.ie /var/www/html/subjects/webauthoring/websites2003/it.reginaom/project/images click_here.gif
103.05.09 11:10 B H:\html\site4\images\cobgcat2b.jpg --> mail.cti-clonmel.ie /var/www/html/subjects/webauthoring/websites2003/it.reginaom/project/images cobgcat2b.jpg
103.05.09 11:10 B H:\html\site4\images\cork.1.jpg --> mail.cti-clonmel.ie /var/www/html/subjects/webauthoring/websites2003/it.reginaom/project/images cork.1.jpg
103.05.09 11:10 B H:\html\site4\images\cork1.jpg --> mail.cti-clonmel.ie /var/www/html/subjects/webauthoring/websites2003/it.reginaom/project/images cork1.jpg
103.05.09 11:10 B H:\html\site4\images\cork2.jpg --> mail.cti-clonmel.ie /var/www/html/subjects/webauthoring/websites2003/it.reginaom/project/images cork2.jpg
103.05.09 11:10 B H:\html\site4\images\cork3 --> mail.cti-clonmel.ie /var/www/html/subjects/webauthoring/websites2003/it.reginaom/project/images cork3
103.05.09 11:10 B H:\html\site4\images\cork_map.gif --> mail.cti-clonmel.ie /var/www/html/subjects/webauthoring/websites2003/it.reginaom/project/images cork_map.gif
103.05.09 11:10 B H:\html\site4\images\corkcity --> mail.cti-clonmel.ie /var/www/html/subjects/webauthoring/websites2003/it.reginaom/project/images corkcity
103.05.09 11:10 B H:\html\site4\images\corkcity1 --> mail.cti-clonmel.ie /var/www/html/subjects/webauthoring/websites2003/it.reginaom/project/images corkcity1
103.05.09 11:10 B H:\html\site4\images\corkcity2 --> mail.cti-clonmel.ie /var/www/html/subjects/webauthoring/websites2003/it.reginaom/project/images corkcity2
103.05.09 11:10 B H:\html\site4\images\corkcitymap --> mail.cti-clonmel.ie /var/www/html/subjects/webauthoring/websites2003/it.reginaom/project/images corkcitymap
103.05.09 11:10 B H:\html\site4\images\georgesquaynight_01.jpg --> mail.cti-clonmel.ie /var/www/html/subjects/webauthoring/websites2003/it.reginaom/project/images georgesquaynight_01.jpg
103.05.09 11:10 B H:\html\site4\images\home.gif --> mail.cti-clonmel.ie /var/www/html/subjects/webauthoring/websites2003/it.reginaom/project/images home.gif
103.05.09 11:10 B H:\html\site4\images\ireland.jpg --> mail.cti-clonmel.ie /var/www/html/subjects/webauthoring/websites2003/it.reginaom/project/images ireland.jpg
103.05.09 11:10 B H:\html\site4\images\ireland_fl_md_clr.gif --> mail.cti-clonmel.ie /var/www/html/subjects/webauthoring/websites2003/it.reginaom/project/images ireland_fl_md_clr.gif
103.05.09 11:10 B H:\html\site4\images\ladybug_zigzag_md_wht.gif --> mail.cti-clonmel.ie /var/www/html/subjects/webauthoring/websites2003/it.reginaom/project/images ladybug_zigzag_md_wht.gif
103.05.09 11:10 B H:\html\site4\images\map1 --> mail.cti-clonmel.ie /var/www/html/subjects/webauthoring/websites2003/it.reginaom/project/images map1
103.05.09 11:10 B H:\html\site4\images\mh5item36st.gif --> mail.cti-clonmel.ie /var/www/html/subjects/webauthoring/websites2003/it.reginaom/project/images mh5item36st.gif
103.05.09 11:10 B H:\html\site4\images\museum.gif --> mail.cti-clonmel.ie /var/www/html/subjects/webauthoring/websites2003/it.reginaom/project/images museum.gif
103.05.09 11:10 B H:\html\site4\images\next3DCLR.gif --> mail.cti-clonmel.ie /var/www/html/subjects/webauthoring/websites2003/it.reginaom/project/images next3DCLR.gif
103.05.09 11:10 B H:\html\site4\images\ocean2.jpg --> mail.cti-clonmel.ie /var/www/html/subjects/webauthoring/websites2003/it.reginaom/project/images ocean2.jpg
103.05.09 11:10 B H:\html\site4\images\redline.gif --> mail.cti-clonmel.ie /var/www/html/subjects/webauthoring/websites2003/it.reginaom/project/images redline.gif
103.05.09 11:10 B H:\html\site4\images\sociallife_streetscene_small.gif --> mail.cti-clonmel.ie /var/www/html/subjects/webauthoring/websites2003/it.reginaom/project/images sociallife_streetscene_small.gif
103.05.09 11:10 B H:\html\site4\images\wellpage.gif --> mail.cti-clonmel.ie /var/www/html/subjects/webauthoring/websites2003/it.reginaom/project/images wellpage.gif
103.05.09 11:10 B H:\html\site4\images\WS_FTP.LOG --> mail.cti-clonmel.ie /var/www/html/subjects/webauthoring/websites2003/it.reginaom/project/images WS_FTP.LOG
103.05.09 12:18 B H:\html\site4\images\015.jpg --> mail.cti-clonmel.ie /var/www/html/subjects/webauthoring/websites2003/it.reginaom/project/images 015.jpg
103.05.09 12:18 B H:\html\site4\images\018.jpg --> mail.cti-clonmel.ie /var/www/html/subjects/webauthoring/websites2003/it.reginaom/project/images 018.jpg
103.05.09 12:18 B H:\html\site4\images\022.jpg --> mail.cti-clonmel.ie /var/www/html/subjects/webauthoring/websites2003/it.reginaom/project/images 022.jpg
103.05.09 12:18 B H:\html\site4\images\023.jpg --> mail.cti-clonmel.ie /var/www/html/subjects/webauthoring/websites2003/it.reginaom/project/images 023.jpg
103.05.09 12:18 B H:\html\site4\images\airview_tif_jpg.jpg --> mail.cti-clonmel.ie /var/www/html/subjects/webauthoring/websites2003/it.reginaom/project/images airview_tif_jpg.jpg
103.05.09 12:18 B H:\html\site4\images\back3DCLR.gif --> mail.cti-clonmel.ie /var/www/html/subjects/webauthoring/websites2003/it.reginaom/project/images back3DCLR.gif
103.05.09 12:18 B H:\html\site4\images\backcath.jpg --> mail.cti-clonmel.ie /var/www/html/subjects/webauthoring/websites2003/it.reginaom/project/images backcath.jpg
103.05.09 12:18 B H:\html\site4\images\brown thomas --> mail.cti-clonmel.ie /var/www/html/subjects/webauthoring/websites2003/it.reginaom/project/images brown thomas
103.05.09 12:18 B H:\html\site4\images\butterfirken --> mail.cti-clonmel.ie /var/www/html/subjects/webauthoring/websites2003/it.reginaom/project/images butterfirken
103.05.09 12:18 B H:\html\site4\images\BWUCC.GIF --> mail.cti-clonmel.ie /var/www/html/subjects/webauthoring/websites2003/it.reginaom/project/images BWUCC.GIF
103.05.09 12:18 B H:\html\site4\images\catrocket.gif --> mail.cti-clonmel.ie /var/www/html/subjects/webauthoring/websites2003/it.reginaom/project/images catrocket.gif
103.05.09 12:18 B H:\html\site4\images\cityhall_small.jpg --> mail.cti-clonmel.ie /var/www/html/subjects/webauthoring/websites2003/it.reginaom/project/images cityhall_small.jpg
103.05.09 12:18 B H:\html\site4\images\click_here.gif --> mail.cti-clonmel.ie /var/www/html/subjects/webauthoring/websites2003/it.reginaom/project/images click_here.gif
103.05.09 12:18 B H:\html\site4\images\cobgcat2b.jpg --> mail.cti-clonmel.ie /var/www/html/subjects/webauthoring/websites2003/it.reginaom/project/images cobgcat2b.jpg
103.05.09 12:18 B H:\html\site4\images\cork.1.jpg --> mail.cti-clonmel.ie /var/www/html/subjects/webauthoring/websites2003/it.reginaom/project/images cork.1.jpg
103.05.09 12:18 B H:\html\site4\images\cork1.jpg --> mail.cti-clonmel.ie /var/www/html/subjects/webauthoring/websites2003/it.reginaom/project/images cork1.jpg
103.05.09 12:18 B H:\html\site4\images\cork2.jpg --> mail.cti-clonmel.ie /var/www/html/subjects/webauthoring/websites2003/it.reginaom/project/images cork2.jpg
103.05.09 12:18 B H:\html\site4\images\cork3 --> mail.cti-clonmel.ie /var/www/html/subjects/webauthoring/websites2003/it.reginaom/project/images cork3
103.05.09 12:18 B H:\html\site4\images\cork_map.gif --> mail.cti-clonmel.ie /var/www/html/subjects/webauthoring/websites2003/it.reginaom/project/images cork_map.gif
103.05.09 12:18 B H:\html\site4\images\corkcity --> mail.cti-clonmel.ie /var/www/html/subjects/webauthoring/websites2003/it.reginaom/project/images corkcity
103.05.09 12:18 B H:\html\site4\images\corkcity1 --> mail.cti-clonmel.ie /var/www/html/subjects/webauthoring/websites2003/it.reginaom/project/images corkcity1
103.05.09 12:18 B H:\html\site4\images\corkcity2 --> mail.cti-clonmel.ie /var/www/html/subjects/webauthoring/websites2003/it.reginaom/project/images corkcity2
103.05.09 12:18 B H:\html\site4\images\corkcitymap --> mail.cti-clonmel.ie /var/www/html/subjects/webauthoring/websites2003/it.reginaom/project/images corkcitymap
103.05.09 12:18 B H:\html\site4\images\georgesquaynight_01.jpg --> mail.cti-clonmel.ie /var/www/html/subjects/webauthoring/websites2003/it.reginaom/project/images georgesquaynight_01.jpg
103.05.09 12:18 B H:\html\site4\images\home.gif --> mail.cti-clonmel.ie /var/www/html/subjects/webauthoring/websites2003/it.reginaom/project/images home.gif
103.05.09 12:18 B H:\html\site4\images\ireland.jpg --> mail.cti-clonmel.ie /var/www/html/subjects/webauthoring/websites2003/it.reginaom/project/images ireland.jpg
103.05.09 12:18 B H:\html\site4\images\ireland_fl_md_clr.gif --> mail.cti-clonmel.ie /var/www/html/subjects/webauthoring/websites2003/it.reginaom/project/images ireland_fl_md_clr.gif
103.05.09 12:18 B H:\html\site4\images\ladybug_zigzag_md_wht.gif --> mail.cti-clonmel.ie /var/www/html/subjects/webauthoring/websites2003/it.reginaom/project/images ladybug_zigzag_md_wht.gif
103.05.09 12:18 B H:\html\site4\images\map1 --> mail.cti-clonmel.ie /var/www/html/subjects/webauthoring/websites2003/it.reginaom/project/images map1
103.05.09 12:18 B H:\html\site4\images\mh5item36st.gif --> mail.cti-clonmel.ie /var/www/html/subjects/webauthoring/websites2003/it.reginaom/project/images mh5item36st.gif
103.05.09 12:18 B H:\html\site4\images\museum.gif --> mail.cti-clonmel.ie /var/www/html/subjects/webauthoring/websites2003/it.reginaom/project/images museum.gif
103.05.09 12:18 B H:\html\site4\images\next3DCLR.gif --> mail.cti-clonmel.ie /var/www/html/subjects/webauthoring/websites2003/it.reginaom/project/images next3DCLR.gif
103.05.09 12:18 B H:\html\site4\images\ocean2.jpg --> mail.cti-clonmel.ie /var/www/html/subjects/webauthoring/websites2003/it.reginaom/project/images ocean2.jpg
103.05.09 12:18 B H:\html\site4\images\redline.gif --> mail.cti-clonmel.ie /var/www/html/subjects/webauthoring/websites2003/it.reginaom/project/images redline.gif
103.05.09 12:18 B H:\html\site4\images\sociallife_streetscene_small.gif --> mail.cti-clonmel.ie /var/www/html/subjects/webauthoring/websites2003/it.reginaom/project/images sociallife_streetscene_small.gif
103.05.09 12:18 B H:\html\site4\images\wellpage.gif --> mail.cti-clonmel.ie /var/www/html/subjects/webauthoring/websites2003/it.reginaom/project/images wellpage.gif
103.05.09 12:18 B H:\html\site4\images\WS_FTP.LOG --> mail.cti-clonmel.ie /var/www/html/subjects/webauthoring/websites2003/it.reginaom/project/images WS_FTP.LOG
103.05.09 14:04 B H:\html\site4\images\015.jpg --> mail.cti-clonmel.ie /var/www/html/subjects/webauthoring/websites2003/it.reginaom/images 015.jpg
103.05.09 14:04 B H:\html\site4\images\018.jpg --> mail.cti-clonmel.ie /var/www/html/subjects/webauthoring/websites2003/it.reginaom/images 018.jpg
103.05.09 14:04 B H:\html\site4\images\022.jpg --> mail.cti-clonmel.ie /var/www/html/subjects/webauthoring/websites2003/it.reginaom/images 022.jpg
103.05.09 14:04 B H:\html\site4\images\023.jpg --> mail.cti-clonmel.ie /var/www/html/subjects/webauthoring/websites2003/it.reginaom/images 023.jpg
103.05.09 14:04 B H:\html\site4\images\airview_tif_jpg.jpg --> mail.cti-clonmel.ie /var/www/html/subjects/webauthoring/websites2003/it.reginaom/images airview_tif_jpg.jpg
103.05.09 14:04 B H:\html\site4\images\back3DCLR.gif --> mail.cti-clonmel.ie /var/www/html/subjects/webauthoring/websites2003/it.reginaom/images back3DCLR.gif
103.05.09 14:04 B H:\html\site4\images\backcath.jpg --> mail.cti-clonmel.ie /var/www/html/subjects/webauthoring/websites2003/it.reginaom/images backcath.jpg
103.05.09 14:04 B H:\html\site4\images\brown thomas --> mail.cti-clonmel.ie /var/www/html/subjects/webauthoring/websites2003/it.reginaom/images brown thomas
103.05.09 14:04 B H:\html\site4\images\butterfirken --> mail.cti-clonmel.ie /var/www/html/subjects/webauthoring/websites2003/it.reginaom/images butterfirken
103.05.09 14:04 B H:\html\site4\images\BWUCC.GIF --> mail.cti-clonmel.ie /var/www/html/subjects/webauthoring/websites2003/it.reginaom/images BWUCC.GIF
103.05.09 14:04 B H:\html\site4\images\catrocket.gif --> mail.cti-clonmel.ie /var/www/html/subjects/webauthoring/websites2003/it.reginaom/images catrocket.gif
103.05.09 14:04 B H:\html\site4\images\cityhall_small.jpg --> mail.cti-clonmel.ie /var/www/html/subjects/webauthoring/websites2003/it.reginaom/images cityhall_small.jpg
103.05.09 14:04 B H:\html\site4\images\click_here.gif --> mail.cti-clonmel.ie /var/www/html/subjects/webauthoring/websites2003/it.reginaom/images click_here.gif
103.05.09 14:04 B H:\html\site4\images\cobgcat2b.jpg --> mail.cti-clonmel.ie /var/www/html/subjects/webauthoring/websites2003/it.reginaom/images cobgcat2b.jpg
103.05.09 14:04 B H:\html\site4\images\cork.1.jpg --> mail.cti-clonmel.ie /var/www/html/subjects/webauthoring/websites2003/it.reginaom/images cork.1.jpg
103.05.09 14:04 B H:\html\site4\images\cork1.jpg --> mail.cti-clonmel.ie /var/www/html/subjects/webauthoring/websites2003/it.reginaom/images cork1.jpg
103.05.09 14:04 B H:\html\site4\images\cork2.jpg --> mail.cti-clonmel.ie /var/www/html/subjects/webauthoring/websites2003/it.reginaom/images cork2.jpg
103.05.09 14:04 B H:\html\site4\images\cork3 --> mail.cti-clonmel.ie /var/www/html/subjects/webauthoring/websites2003/it.reginaom/images cork3
103.05.09 14:04 B H:\html\site4\images\cork_map.gif --> mail.cti-clonmel.ie /var/www/html/subjects/webauthoring/websites2003/it.reginaom/images cork_map.gif
103.05.09 14:04 B H:\html\site4\images\corkcity --> mail.cti-clonmel.ie /var/www/html/subjects/webauthoring/websites2003/it.reginaom/images corkcity
103.05.09 14:04 B H:\html\site4\images\corkcity1 --> mail.cti-clonmel.ie /var/www/html/subjects/webauthoring/websites2003/it.reginaom/images corkcity1
103.05.09 14:04 B H:\html\site4\images\corkcity2 --> mail.cti-clonmel.ie /var/www/html/subjects/webauthoring/websites2003/it.reginaom/images corkcity2
103.05.09 14:04 B H:\html\site4\images\corkcitymap --> mail.cti-clonmel.ie /var/www/html/subjects/webauthoring/websites2003/it.reginaom/images corkcitymap
103.05.09 14:04 B H:\html\site4\images\georgesquaynight_01.jpg --> mail.cti-clonmel.ie /var/www/html/subjects/webauthoring/websites2003/it.reginaom/images georgesquaynight_01.jpg
103.05.09 14:04 B H:\html\site4\images\home.gif --> mail.cti-clonmel.ie /var/www/html/subjects/webauthoring/websites2003/it.reginaom/images home.gif
103.05.09 14:04 B H:\html\site4\images\ireland.jpg --> mail.cti-clonmel.ie /var/www/html/subjects/webauthoring/websites2003/it.reginaom/images ireland.jpg
103.05.09 14:04 B H:\html\site4\images\ireland_fl_md_clr.gif --> mail.cti-clonmel.ie /var/www/html/subjects/webauthoring/websites2003/it.reginaom/images ireland_fl_md_clr.gif
103.05.09 14:04 B H:\html\site4\images\ladybug_zigzag_md_wht.gif --> mail.cti-clonmel.ie /var/www/html/subjects/webauthoring/websites2003/it.reginaom/images ladybug_zigzag_md_wht.gif
103.05.09 14:04 B H:\html\site4\images\map1 --> mail.cti-clonmel.ie /var/www/html/subjects/webauthoring/websites2003/it.reginaom/images map1
103.05.09 14:04 B H:\html\site4\images\mh5item36st.gif --> mail.cti-clonmel.ie /var/www/html/subjects/webauthoring/websites2003/it.reginaom/images mh5item36st.gif
103.05.09 14:04 B H:\html\site4\images\museum.gif --> mail.cti-clonmel.ie /var/www/html/subjects/webauthoring/websites2003/it.reginaom/images museum.gif
103.05.09 14:04 B H:\html\site4\images\next3DCLR.gif --> mail.cti-clonmel.ie /var/www/html/subjects/webauthoring/websites2003/it.reginaom/images next3DCLR.gif
103.05.09 14:04 B H:\html\site4\images\ocean2.jpg --> mail.cti-clonmel.ie /var/www/html/subjects/webauthoring/websites2003/it.reginaom/images ocean2.jpg
103.05.09 14:04 B H:\html\site4\images\redline.gif --> mail.cti-clonmel.ie /var/www/html/subjects/webauthoring/websites2003/it.reginaom/images redline.gif
103.05.09 14:04 B H:\html\site4\images\sociallife_streetscene_small.gif --> mail.cti-clonmel.ie /var/www/html/subjects/webauthoring/websites2003/it.reginaom/images sociallife_streetscene_small.gif
103.05.09 14:04 B H:\html\site4\images\wellpage.gif --> mail.cti-clonmel.ie /var/www/html/subjects/webauthoring/websites2003/it.reginaom/images wellpage.gif
103.05.09 14:04 B H:\html\site4\images\WS_FTP.LOG --> mail.cti-clonmel.ie /var/www/html/subjects/webauthoring/websites2003/it.reginaom/images WS_FTP.LOG
103.05.09 14:10 B H:\html\site4\images\015.jpg --> mail.cti-clonmel.ie /var/www/html/subjects/webauthoring/websites2003/it.reginaom/images 015.jpg
103.05.09 14:10 B H:\html\site4\images\018.jpg --> mail.cti-clonmel.ie /var/www/html/subjects/webauthoring/websites2003/it.reginaom/images 018.jpg
103.05.09 14:10 B H:\html\site4\images\022.jpg --> mail.cti-clonmel.ie /var/www/html/subjects/webauthoring/websites2003/it.reginaom/images 022.jpg
103.05.09 14:10 B H:\html\site4\images\023.jpg --> mail.cti-clonmel.ie /var/www/html/subjects/webauthoring/websites2003/it.reginaom/images 023.jpg
103.05.09 14:10 B H:\html\site4\images\airview_tif_jpg.jpg --> mail.cti-clonmel.ie /var/www/html/subjects/webauthoring/websites2003/it.reginaom/images airview_tif_jpg.jpg
103.05.09 14:10 B H:\html\site4\images\back3DCLR.gif --> mail.cti-clonmel.ie /var/www/html/subjects/webauthoring/websites2003/it.reginaom/images back3DCLR.gif
103.05.09 14:10 B H:\html\site4\images\backcath.jpg --> mail.cti-clonmel.ie /var/www/html/subjects/webauthoring/websites2003/it.reginaom/images backcath.jpg
103.05.09 14:10 B H:\html\site4\images\brown thomas --> mail.cti-clonmel.ie /var/www/html/subjects/webauthoring/websites2003/it.reginaom/images brown thomas
103.05.09 14:10 B H:\html\site4\images\butterfirken --> mail.cti-clonmel.ie /var/www/html/subjects/webauthoring/websites2003/it.reginaom/images butterfirken
103.05.09 14:10 B H:\html\site4\images\BWUCC.GIF --> mail.cti-clonmel.ie /var/www/html/subjects/webauthoring/websites2003/it.reginaom/images BWUCC.GIF
103.05.09 14:10 B H:\html\site4\images\catrocket.gif --> mail.cti-clonmel.ie /var/www/html/subjects/webauthoring/websites2003/it.reginaom/images catrocket.gif
103.05.09 14:10 B H:\html\site4\images\cityhall_small.jpg --> mail.cti-clonmel.ie /var/www/html/subjects/webauthoring/websites2003/it.reginaom/images cityhall_small.jpg
103.05.09 14:10 B H:\html\site4\images\click_here.gif --> mail.cti-clonmel.ie /var/www/html/subjects/webauthoring/websites2003/it.reginaom/images click_here.gif
103.05.09 14:10 B H:\html\site4\images\cobgcat2b.jpg --> mail.cti-clonmel.ie /var/www/html/subjects/webauthoring/websites2003/it.reginaom/images cobgcat2b.jpg
103.05.09 14:10 B H:\html\site4\images\cork.1.jpg --> mail.cti-clonmel.ie /var/www/html/subjects/webauthoring/websites2003/it.reginaom/images cork.1.jpg
103.05.09 14:10 B H:\html\site4\images\cork1.jpg --> mail.cti-clonmel.ie /var/www/html/subjects/webauthoring/websites2003/it.reginaom/images cork1.jpg
103.05.09 14:10 B H:\html\site4\images\cork2.jpg --> mail.cti-clonmel.ie /var/www/html/subjects/webauthoring/websites2003/it.reginaom/images cork2.jpg
103.05.09 14:10 B H:\html\site4\images\cork3 --> mail.cti-clonmel.ie /var/www/html/subjects/webauthoring/websites2003/it.reginaom/images cork3
103.05.09 14:10 B H:\html\site4\images\cork_map.gif --> mail.cti-clonmel.ie /var/www/html/subjects/webauthoring/websites2003/it.reginaom/images cork_map.gif
103.05.09 14:10 B H:\html\site4\images\corkcity --> mail.cti-clonmel.ie /var/www/html/subjects/webauthoring/websites2003/it.reginaom/images corkcity
103.05.09 14:10 B H:\html\site4\images\corkcity1 --> mail.cti-clonmel.ie /var/www/html/subjects/webauthoring/websites2003/it.reginaom/images corkcity1
103.05.09 14:10 B H:\html\site4\images\corkcity2 --> mail.cti-clonmel.ie /var/www/html/subjects/webauthoring/websites2003/it.reginaom/images corkcity2
103.05.09 14:10 B H:\html\site4\images\corkcitymap --> mail.cti-clonmel.ie /var/www/html/subjects/webauthoring/websites2003/it.reginaom/images corkcitymap
103.05.09 14:10 B H:\html\site4\images\georgesquaynight_01.jpg --> mail.cti-clonmel.ie /var/www/html/subjects/webauthoring/websites2003/it.reginaom/images georgesquaynight_01.jpg
103.05.09 14:10 B H:\html\site4\images\home.gif --> mail.cti-clonmel.ie /var/www/html/subjects/webauthoring/websites2003/it.reginaom/images home.gif
103.05.09 14:10 B H:\html\site4\images\ireland.jpg --> mail.cti-clonmel.ie /var/www/html/subjects/webauthoring/websites2003/it.reginaom/images ireland.jpg
103.05.09 14:10 B H:\html\site4\images\ireland_fl_md_clr.gif --> mail.cti-clonmel.ie /var/www/html/subjects/webauthoring/websites2003/it.reginaom/images ireland_fl_md_clr.gif
103.05.09 14:10 B H:\html\site4\images\ladybug_zigzag_md_wht.gif --> mail.cti-clonmel.ie /var/www/html/subjects/webauthoring/websites2003/it.reginaom/images ladybug_zigzag_md_wht.gif
103.05.09 14:10 B H:\html\site4\images\map1 --> mail.cti-clonmel.ie /var/www/html/subjects/webauthoring/websites2003/it.reginaom/images map1
103.05.09 14:10 B H:\html\site4\images\mh5item36st.gif --> mail.cti-clonmel.ie /var/www/html/subjects/webauthoring/websites2003/it.reginaom/images mh5item36st.gif
103.05.09 14:10 B H:\html\site4\images\museum.gif --> mail.cti-clonmel.ie /var/www/html/subjects/webauthoring/websites2003/it.reginaom/images museum.gif
103.05.09 14:10 B H:\html\site4\images\next3DCLR.gif --> mail.cti-clonmel.ie /var/www/html/subjects/webauthoring/websites2003/it.reginaom/images next3DCLR.gif
103.05.09 14:10 B H:\html\site4\images\ocean2.jpg --> mail.cti-clonmel.ie /var/www/html/subjects/webauthoring/websites2003/it.reginaom/images ocean2.jpg
103.05.09 14:10 B H:\html\site4\images\redline.gif --> mail.cti-clonmel.ie /var/www/html/subjects/webauthoring/websites2003/it.reginaom/images redline.gif
103.05.09 14:10 B H:\html\site4\images\sociallife_streetscene_small.gif --> mail.cti-clonmel.ie /var/www/html/subjects/webauthoring/websites2003/it.reginaom/images sociallife_streetscene_small.gif
103.05.09 14:10 B H:\html\site4\images\wellpage.gif --> mail.cti-clonmel.ie /var/www/html/subjects/webauthoring/websites2003/it.reginaom/images wellpage.gif
103.05.09 14:10 B H:\html\site4\images\WS_FTP.LOG --> mail.cti-clonmel.ie /var/www/html/subjects/webauthoring/websites2003/it.reginaom/images WS_FTP.LOG
103.05.09 14:22 B H:\html\site4\images\015.jpg --> mail.cti-clonmel.ie /var/www/html/subjects/webauthoring/websites2003/it.reginaom/images 015.jpg
103.05.09 14:22 B H:\html\site4\images\018.jpg --> mail.cti-clonmel.ie /var/www/html/subjects/webauthoring/websites2003/it.reginaom/images 018.jpg
103.05.09 14:22 B H:\html\site4\images\022.jpg --> mail.cti-clonmel.ie /var/www/html/subjects/webauthoring/websites2003/it.reginaom/images 022.jpg
103.05.09 14:22 B H:\html\site4\images\023.jpg --> mail.cti-clonmel.ie /var/www/html/subjects/webauthoring/websites2003/it.reginaom/images 023.jpg
103.05.09 14:22 B H:\html\site4\images\airview_tif_jpg.jpg --> mail.cti-clonmel.ie /var/www/html/subjects/webauthoring/websites2003/it.reginaom/images airview_tif_jpg.jpg
103.05.09 14:22 B H:\html\site4\images\back3DCLR.gif --> mail.cti-clonmel.ie /var/www/html/subjects/webauthoring/websites2003/it.reginaom/images back3DCLR.gif
103.05.09 14:22 B H:\html\site4\images\backcath.jpg --> mail.cti-clonmel.ie /var/www/html/subjects/webauthoring/websites2003/it.reginaom/images backcath.jpg
103.05.09 14:22 B H:\html\site4\images\brown thomas --> mail.cti-clonmel.ie /var/www/html/subjects/webauthoring/websites2003/it.reginaom/images brown thomas
103.05.09 14:22 B H:\html\site4\images\butterfirken --> mail.cti-clonmel.ie /var/www/html/subjects/webauthoring/websites2003/it.reginaom/images butterfirken
103.05.09 14:22 B H:\html\site4\images\BWUCC.GIF --> mail.cti-clonmel.ie /var/www/html/subjects/webauthoring/websites2003/it.reginaom/images BWUCC.GIF
103.05.09 14:22 B H:\html\site4\images\catrocket.gif --> mail.cti-clonmel.ie /var/www/html/subjects/webauthoring/websites2003/it.reginaom/images catrocket.gif
103.05.09 14:22 B H:\html\site4\images\cityhall_small.jpg --> mail.cti-clonmel.ie /var/www/html/subjects/webauthoring/websites2003/it.reginaom/images cityhall_small.jpg
103.05.09 14:22 B H:\html\site4\images\click_here.gif --> mail.cti-clonmel.ie /var/www/html/subjects/webauthoring/websites2003/it.reginaom/images click_here.gif
103.05.09 14:22 B H:\html\site4\images\cobgcat2b.jpg --> mail.cti-clonmel.ie /var/www/html/subjects/webauthoring/websites2003/it.reginaom/images cobgcat2b.jpg
103.05.09 14:22 B H:\html\site4\images\cork.1.jpg --> mail.cti-clonmel.ie /var/www/html/subjects/webauthoring/websites2003/it.reginaom/images cork.1.jpg
103.05.09 14:22 B H:\html\site4\images\cork1.jpg --> mail.cti-clonmel.ie /var/www/html/subjects/webauthoring/websites2003/it.reginaom/images cork1.jpg
103.05.09 14:22 B H:\html\site4\images\cork2.jpg --> mail.cti-clonmel.ie /var/www/html/subjects/webauthoring/websites2003/it.reginaom/images cork2.jpg
103.05.09 14:22 B H:\html\site4\images\cork3 --> mail.cti-clonmel.ie /var/www/html/subjects/webauthoring/websites2003/it.reginaom/images cork3
103.05.09 14:22 B H:\html\site4\images\cork_map.gif --> mail.cti-clonmel.ie /var/www/html/subjects/webauthoring/websites2003/it.reginaom/images cork_map.gif
103.05.09 14:22 B H:\html\site4\images\corkcity --> mail.cti-clonmel.ie /var/www/html/subjects/webauthoring/websites2003/it.reginaom/images corkcity
103.05.09 14:22 B H:\html\site4\images\corkcity1 --> mail.cti-clonmel.ie /var/www/html/subjects/webauthoring/websites2003/it.reginaom/images corkcity1
103.05.09 14:22 B H:\html\site4\images\corkcity2 --> mail.cti-clonmel.ie /var/www/html/subjects/webauthoring/websites2003/it.reginaom/images corkcity2
103.05.09 14:22 B H:\html\site4\images\corkcitymap --> mail.cti-clonmel.ie /var/www/html/subjects/webauthoring/websites2003/it.reginaom/images corkcitymap
103.05.09 14:22 B H:\html\site4\images\georgesquaynight_01.jpg --> mail.cti-clonmel.ie /var/www/html/subjects/webauthoring/websites2003/it.reginaom/images georgesquaynight_01.jpg
103.05.09 14:22 B H:\html\site4\images\home.gif --> mail.cti-clonmel.ie /var/www/html/subjects/webauthoring/websites2003/it.reginaom/images home.gif
103.05.09 14:22 B H:\html\site4\images\ireland.jpg --> mail.cti-clonmel.ie /var/www/html/subjects/webauthoring/websites2003/it.reginaom/images ireland.jpg
103.05.09 14:22 B H:\html\site4\images\ireland_fl_md_clr.gif --> mail.cti-clonmel.ie /var/www/html/subjects/webauthoring/websites2003/it.reginaom/images ireland_fl_md_clr.gif
103.05.09 14:22 B H:\html\site4\images\ladybug_zigzag_md_wht.gif --> mail.cti-clonmel.ie /var/www/html/subjects/webauthoring/websites2003/it.reginaom/images ladybug_zigzag_md_wht.gif
103.05.09 14:22 B H:\html\site4\images\map1 --> mail.cti-clonmel.ie /var/www/html/subjects/webauthoring/websites2003/it.reginaom/images map1
103.05.09 14:22 B H:\html\site4\images\mh5item36st.gif --> mail.cti-clonmel.ie /var/www/html/subjects/webauthoring/websites2003/it.reginaom/images mh5item36st.gif
103.05.09 14:22 B H:\html\site4\images\museum.gif --> mail.cti-clonmel.ie /var/www/html/subjects/webauthoring/websites2003/it.reginaom/images museum.gif
103.05.09 14:22 B H:\html\site4\images\next3DCLR.gif --> mail.cti-clonmel.ie /var/www/html/subjects/webauthoring/websites2003/it.reginaom/images next3DCLR.gif
103.05.09 14:22 B H:\html\site4\images\ocean2.jpg --> mail.cti-clonmel.ie /var/www/html/subjects/webauthoring/websites2003/it.reginaom/images ocean2.jpg
103.05.09 14:22 B H:\html\site4\images\redline.gif --> mail.cti-clonmel.ie /var/www/html/subjects/webauthoring/websites2003/it.reginaom/images redline.gif
103.05.09 14:22 B H:\html\site4\images\sociallife_streetscene_small.gif --> mail.cti-clonmel.ie /var/www/html/subjects/webauthoring/websites2003/it.reginaom/images sociallife_streetscene_small.gif
103.05.09 14:22 B H:\html\site4\images\wellpage.gif --> mail.cti-clonmel.ie /var/www/html/subjects/webauthoring/websites2003/it.reginaom/images wellpage.gif
