102.05.03 14:10 B H:\HTML\index.html --> linux1 /home/httpd/html/subjects/webauthoring/websites2002/it.lisab index.html
102.05.03 14:11 B H:\HTML\INDEXa.HTML --> linux1 /home/httpd/html/subjects/webauthoring/websites2002/it.lisab INDEXa.HTML
102.05.03 14:13 B H:\HTML\index.html --> linux1 /home/httpd/html/subjects/webauthoring/websites2002/it.lisab index.html
102.05.03 14:20 B H:\HTML\Img00014.jpg --> linux1 /home/httpd/html/subjects/webauthoring/websites2002/it.lisab Img00014.jpg
102.05.03 14:20 B H:\HTML\Introduction.html --> linux1 /home/httpd/html/subjects/webauthoring/websites2002/it.lisab Introduction.html
102.05.03 14:21 B H:\HTML\Pictures of old Artifacts.html --> linux1 /home/httpd/html/subjects/webauthoring/websites2002/it.lisab Pictures of old Artifacts.html
102.05.03 14:21 B H:\HTML\Pictures of the City.txt --> linux1 /home/httpd/html/subjects/webauthoring/websites2002/it.lisab Pictures of the City.txt
102.05.03 14:22 B H:\HTML\Cork before the 19th Century.html --> linux1 /home/httpd/html/subjects/webauthoring/websites2002/it.lisab Cork before the 19th Century.html
102.05.03 14:22 B H:\HTML\Cork before the 19th Century2.html --> linux1 /home/httpd/html/subjects/webauthoring/websites2002/it.lisab Cork before the 19th Century2.html
102.05.03 14:23 B H:\HTML\Pictures of the City.html --> linux1 /home/httpd/html/subjects/webauthoring/websites2002/it.lisab Pictures of the City.html
102.05.03 14:25 B H:\HTML\How the people of Cork protected themselves.html --> linux1 /home/httpd/html/subjects/webauthoring/websites2002/it.lisab How the people of Cork protected themselves.html
102.05.03 14:26 B H:\HTML\Pictures of old Artifacts.html --> linux1 /home/httpd/html/subjects/webauthoring/websites2002/it.lisab Pictures of old Artifacts.html
102.05.03 14:27 B H:\HTML\How Cork is Today.html --> linux1 /home/httpd/html/subjects/webauthoring/websites2002/it.lisab How Cork is Today.html
102.05.03 14:28 B H:\HTML\Historical Sites.html --> linux1 /home/httpd/html/subjects/webauthoring/websites2002/it.lisab Historical Sites.html
102.05.03 14:57 B H:\HTML\index.html --> linux1 /home/httpd/html/subjects/webauthoring/websites2002/it.lisab index.html
102.05.03 14:58 B H:\HTML\index[1].txt --> linux1 /home/httpd/html/subjects/webauthoring/websites2002/it.lisab index[1].txt
102.05.03 14:59 B H:\HTML\index.html --> linux1 /home/httpd/html/subjects/webauthoring/websites2002/it.lisab index.html
102.05.03 15:01 B H:\HTML\Introduction.html --> linux1 /home/httpd/html/subjects/webauthoring/websites2002/it.lisab Introduction.html
102.05.03 15:08 B H:\HTML\Cork before the 19th Century.html --> linux1 /home/httpd/html/subjects/webauthoring/websites2002/it.lisab Cork before the 19th Century.html
102.05.03 15:11 B H:\HTML\Cork before the 19th Century2.html --> linux1 /home/httpd/html/subjects/webauthoring/websites2002/it.lisab Cork before the 19th Century2.html
102.05.03 15:18 B H:\HTML\Historical Sites.html --> linux1 /home/httpd/html/subjects/webauthoring/websites2002/it.lisab Historical Sites.html
102.05.03 15:21 B H:\HTML\Pictures of the City.html --> linux1 /home/httpd/html/subjects/webauthoring/websites2002/it.lisab Pictures of the City.html
102.05.03 15:26 B H:\HTML\How the people of Cork protected themselves.html --> linux1 /home/httpd/html/subjects/webauthoring/websites2002/it.lisab How the people of Cork protected themselves.html
102.05.03 15:34 B H:\HTML\index.html --> linux1 /home/httpd/html/subjects/webauthoring/websites2002/it.lisab index.html
102.05.03 15:41 B H:\HTML\bigcarp.jpg --> linux1 /home/httpd/html/subjects/webauthoring/websites2002/it.lisab bigcarp.jpg
102.05.03 15:41 B H:\HTML\bikeRace.mpg --> linux1 /home/httpd/html/subjects/webauthoring/websites2002/it.lisab bikeRace.mpg
102.05.03 15:41 B H:\HTML\bla2.txt --> linux1 /home/httpd/html/subjects/webauthoring/websites2002/it.lisab bla2.txt
102.05.03 15:41 B H:\HTML\CleanFiles.exe --> linux1 /home/httpd/html/subjects/webauthoring/websites2002/it.lisab CleanFiles.exe
102.05.03 15:41 B H:\HTML\complete.html --> linux1 /home/httpd/html/subjects/webauthoring/websites2002/it.lisab complete.html
102.05.03 15:41 B H:\HTML\Cork before the 19th Century.html --> linux1 /home/httpd/html/subjects/webauthoring/websites2002/it.lisab Cork before the 19th Century.html
102.05.03 15:41 B H:\HTML\Cork before the 19th Century2.html --> linux1 /home/httpd/html/subjects/webauthoring/websites2002/it.lisab Cork before the 19th Century2.html
102.05.03 15:41 B H:\HTML\cork.html --> linux1 /home/httpd/html/subjects/webauthoring/websites2002/it.lisab cork.html
102.05.03 15:41 B H:\HTML\Doc1.doc --> linux1 /home/httpd/html/subjects/webauthoring/websites2002/it.lisab Doc1.doc
102.05.03 15:41 B H:\HTML\earpop_home.html --> linux1 /home/httpd/html/subjects/webauthoring/websites2002/it.lisab earpop_home.html
102.05.03 15:41 B H:\HTML\file1.html --> linux1 /home/httpd/html/subjects/webauthoring/websites2002/it.lisab file1.html
102.05.03 15:41 B H:\HTML\file2.html --> linux1 /home/httpd/html/subjects/webauthoring/websites2002/it.lisab file2.html
102.05.03 15:41 B H:\HTML\file2.txt --> linux1 /home/httpd/html/subjects/webauthoring/websites2002/it.lisab file2.txt
102.05.03 15:41 B H:\HTML\Historical Sites.html --> linux1 /home/httpd/html/subjects/webauthoring/websites2002/it.lisab Historical Sites.html
102.05.03 15:41 B H:\HTML\How Cork is Today.html --> linux1 /home/httpd/html/subjects/webauthoring/websites2002/it.lisab How Cork is Today.html
102.05.03 15:41 B H:\HTML\How the people of Cork protected themselves.html --> linux1 /home/httpd/html/subjects/webauthoring/websites2002/it.lisab How the people of Cork protected themselves.html
102.05.03 15:41 B H:\HTML\Img00035.jpg --> linux1 /home/httpd/html/subjects/webauthoring/websites2002/it.lisab Img00035.jpg
102.05.03 15:41 B H:\HTML\index.html --> linux1 /home/httpd/html/subjects/webauthoring/websites2002/it.lisab index.html
102.05.03 15:41 B H:\HTML\index[1].txt --> linux1 /home/httpd/html/subjects/webauthoring/websites2002/it.lisab index[1].txt
102.05.03 15:41 B H:\HTML\INDEXa.HTML --> linux1 /home/httpd/html/subjects/webauthoring/websites2002/it.lisab INDEXa.HTML
102.05.03 15:41 B H:\HTML\Introduction.html --> linux1 /home/httpd/html/subjects/webauthoring/websites2002/it.lisab Introduction.html
102.05.03 15:41 B H:\HTML\Pictures of old Artifacts.html --> linux1 /home/httpd/html/subjects/webauthoring/websites2002/it.lisab Pictures of old Artifacts.html
102.05.03 15:41 B H:\HTML\Pictures of the City.html --> linux1 /home/httpd/html/subjects/webauthoring/websites2002/it.lisab Pictures of the City.html
102.05.03 15:41 B H:\HTML\Pictures of the City.txt --> linux1 /home/httpd/html/subjects/webauthoring/websites2002/it.lisab Pictures of the City.txt
102.05.03 15:41 B H:\HTML\TEST1.HTML --> linux1 /home/httpd/html/subjects/webauthoring/websites2002/it.lisab TEST1.HTML
102.05.03 15:41 B H:\HTML\TEST2.HTML --> linux1 /home/httpd/html/subjects/webauthoring/websites2002/it.lisab TEST2.HTML
102.05.03 15:41 B H:\HTML\TEST3.HTML --> linux1 /home/httpd/html/subjects/webauthoring/websites2002/it.lisab TEST3.HTML
102.05.03 15:41 B H:\HTML\TEST4.HTML --> linux1 /home/httpd/html/subjects/webauthoring/websites2002/it.lisab TEST4.HTML
102.05.03 15:41 B H:\HTML\wam.html --> linux1 /home/httpd/html/subjects/webauthoring/websites2002/it.lisab wam.html
102.05.03 15:41 B H:\HTML\wam.txt --> linux1 /home/httpd/html/subjects/webauthoring/websites2002/it.lisab wam.txt
102.05.03 15:41 B H:\HTML\Web page.html --> linux1 /home/httpd/html/subjects/webauthoring/websites2002/it.lisab Web page.html
