103.05.12 12:32 B H:\html\site3\images\www.mangans.com_files\mangansniteclub_data\buttons_data\11bar1.gif --> mail.cti-clonmel.ie /var/www/html/subjects/webauthoring/websites2003/it.susanm/project/images/www.mangans.com_files/mangansniteclub_data/buttons_data 11bar1.gif
103.05.12 12:32 B H:\html\site3\images\www.mangans.com_files\mangansniteclub_data\buttons_data\11bubbly1.gif --> mail.cti-clonmel.ie /var/www/html/subjects/webauthoring/websites2003/it.susanm/project/images/www.mangans.com_files/mangansniteclub_data/buttons_data 11bubbly1.gif
103.05.12 12:32 B H:\html\site3\images\www.mangans.com_files\mangansniteclub_data\buttons_data\11club1.gif --> mail.cti-clonmel.ie /var/www/html/subjects/webauthoring/websites2003/it.susanm/project/images/www.mangans.com_files/mangansniteclub_data/buttons_data 11club1.gif
103.05.12 12:32 B H:\html\site3\images\www.mangans.com_files\mangansniteclub_data\buttons_data\11foto1.gif --> mail.cti-clonmel.ie /var/www/html/subjects/webauthoring/websites2003/it.susanm/project/images/www.mangans.com_files/mangansniteclub_data/buttons_data 11foto1.gif
103.05.12 12:32 B H:\html\site3\images\www.mangans.com_files\mangansniteclub_data\buttons_data\11gold1.gif --> mail.cti-clonmel.ie /var/www/html/subjects/webauthoring/websites2003/it.susanm/project/images/www.mangans.com_files/mangansniteclub_data/buttons_data 11gold1.gif
103.05.12 12:32 B H:\html\site3\images\www.mangans.com_files\mangansniteclub_data\buttons_data\11homepage1.gif --> mail.cti-clonmel.ie /var/www/html/subjects/webauthoring/websites2003/it.susanm/project/images/www.mangans.com_files/mangansniteclub_data/buttons_data 11homepage1.gif
103.05.12 12:32 B H:\html\site3\images\www.mangans.com_files\mangansniteclub_data\buttons_data\11locate1.gif --> mail.cti-clonmel.ie /var/www/html/subjects/webauthoring/websites2003/it.susanm/project/images/www.mangans.com_files/mangansniteclub_data/buttons_data 11locate1.gif
103.05.12 12:32 B H:\html\site3\images\www.mangans.com_files\mangansniteclub_data\buttons_data\11promos1.gif --> mail.cti-clonmel.ie /var/www/html/subjects/webauthoring/websites2003/it.susanm/project/images/www.mangans.com_files/mangansniteclub_data/buttons_data 11promos1.gif
103.05.12 12:32 B H:\html\site3\images\www.mangans.com_files\mangansniteclub_data\buttons_data\11top81.gif --> mail.cti-clonmel.ie /var/www/html/subjects/webauthoring/websites2003/it.susanm/project/images/www.mangans.com_files/mangansniteclub_data/buttons_data 11top81.gif
103.05.12 12:32 B H:\html\site3\images\www.mangans.com_files\mangansniteclub_data\buttons_data\manganslogoS.gif --> mail.cti-clonmel.ie /var/www/html/subjects/webauthoring/websites2003/it.susanm/project/images/www.mangans.com_files/mangansniteclub_data/buttons_data manganslogoS.gif
103.05.12 14:16 B H:\html\site3\images\www.mangans.com_files\mangansniteclub_data\buttons_data\11bar1.gif --> mail.cti-clonmel.ie /var/www/html/subjects/webauthoring/websites2003/it.susanm/project/images/www.mangans.com_files/mangansniteclub_data/buttons_data 11bar1.gif
103.05.12 14:16 B H:\html\site3\images\www.mangans.com_files\mangansniteclub_data\buttons_data\11bubbly1.gif --> mail.cti-clonmel.ie /var/www/html/subjects/webauthoring/websites2003/it.susanm/project/images/www.mangans.com_files/mangansniteclub_data/buttons_data 11bubbly1.gif
103.05.12 14:16 B H:\html\site3\images\www.mangans.com_files\mangansniteclub_data\buttons_data\11club1.gif --> mail.cti-clonmel.ie /var/www/html/subjects/webauthoring/websites2003/it.susanm/project/images/www.mangans.com_files/mangansniteclub_data/buttons_data 11club1.gif
103.05.12 14:16 B H:\html\site3\images\www.mangans.com_files\mangansniteclub_data\buttons_data\11foto1.gif --> mail.cti-clonmel.ie /var/www/html/subjects/webauthoring/websites2003/it.susanm/project/images/www.mangans.com_files/mangansniteclub_data/buttons_data 11foto1.gif
103.05.12 14:16 B H:\html\site3\images\www.mangans.com_files\mangansniteclub_data\buttons_data\11gold1.gif --> mail.cti-clonmel.ie /var/www/html/subjects/webauthoring/websites2003/it.susanm/project/images/www.mangans.com_files/mangansniteclub_data/buttons_data 11gold1.gif
103.05.12 14:16 B H:\html\site3\images\www.mangans.com_files\mangansniteclub_data\buttons_data\11homepage1.gif --> mail.cti-clonmel.ie /var/www/html/subjects/webauthoring/websites2003/it.susanm/project/images/www.mangans.com_files/mangansniteclub_data/buttons_data 11homepage1.gif
103.05.12 14:16 B H:\html\site3\images\www.mangans.com_files\mangansniteclub_data\buttons_data\11locate1.gif --> mail.cti-clonmel.ie /var/www/html/subjects/webauthoring/websites2003/it.susanm/project/images/www.mangans.com_files/mangansniteclub_data/buttons_data 11locate1.gif
103.05.12 14:16 B H:\html\site3\images\www.mangans.com_files\mangansniteclub_data\buttons_data\11promos1.gif --> mail.cti-clonmel.ie /var/www/html/subjects/webauthoring/websites2003/it.susanm/project/images/www.mangans.com_files/mangansniteclub_data/buttons_data 11promos1.gif
103.05.12 14:16 B H:\html\site3\images\www.mangans.com_files\mangansniteclub_data\buttons_data\11top81.gif --> mail.cti-clonmel.ie /var/www/html/subjects/webauthoring/websites2003/it.susanm/project/images/www.mangans.com_files/mangansniteclub_data/buttons_data 11top81.gif
103.05.12 14:16 B H:\html\site3\images\www.mangans.com_files\mangansniteclub_data\buttons_data\manganslogoS.gif --> mail.cti-clonmel.ie /var/www/html/subjects/webauthoring/websites2003/it.susanm/project/images/www.mangans.com_files/mangansniteclub_data/buttons_data manganslogoS.gif
103.05.12 14:16 B H:\html\site3\images\www.mangans.com_files\mangansniteclub_data\buttons_data\WS_FTP.LOG --> mail.cti-clonmel.ie /var/www/html/subjects/webauthoring/websites2003/it.susanm/project/images/www.mangans.com_files/mangansniteclub_data/buttons_data WS_FTP.LOG
103.05.13 14:32 B H:\html\site3\images\www.mangans.com_files\mangansniteclub_data\buttons_data\11bar1.gif --> mail.cti-clonmel.ie /var/www/html/subjects/webauthoring/websites2003/it.susanm/project/images/www.mangans.com_files/mangansniteclub_data/buttons_data 11bar1.gif
103.05.13 14:32 B H:\html\site3\images\www.mangans.com_files\mangansniteclub_data\buttons_data\11bubbly1.gif --> mail.cti-clonmel.ie /var/www/html/subjects/webauthoring/websites2003/it.susanm/project/images/www.mangans.com_files/mangansniteclub_data/buttons_data 11bubbly1.gif
103.05.13 14:32 B H:\html\site3\images\www.mangans.com_files\mangansniteclub_data\buttons_data\11club1.gif --> mail.cti-clonmel.ie /var/www/html/subjects/webauthoring/websites2003/it.susanm/project/images/www.mangans.com_files/mangansniteclub_data/buttons_data 11club1.gif
103.05.13 14:32 B H:\html\site3\images\www.mangans.com_files\mangansniteclub_data\buttons_data\11foto1.gif --> mail.cti-clonmel.ie /var/www/html/subjects/webauthoring/websites2003/it.susanm/project/images/www.mangans.com_files/mangansniteclub_data/buttons_data 11foto1.gif
103.05.13 14:32 B H:\html\site3\images\www.mangans.com_files\mangansniteclub_data\buttons_data\11gold1.gif --> mail.cti-clonmel.ie /var/www/html/subjects/webauthoring/websites2003/it.susanm/project/images/www.mangans.com_files/mangansniteclub_data/buttons_data 11gold1.gif
103.05.13 14:32 B H:\html\site3\images\www.mangans.com_files\mangansniteclub_data\buttons_data\11homepage1.gif --> mail.cti-clonmel.ie /var/www/html/subjects/webauthoring/websites2003/it.susanm/project/images/www.mangans.com_files/mangansniteclub_data/buttons_data 11homepage1.gif
103.05.13 14:32 B H:\html\site3\images\www.mangans.com_files\mangansniteclub_data\buttons_data\11locate1.gif --> mail.cti-clonmel.ie /var/www/html/subjects/webauthoring/websites2003/it.susanm/project/images/www.mangans.com_files/mangansniteclub_data/buttons_data 11locate1.gif
103.05.13 14:32 B H:\html\site3\images\www.mangans.com_files\mangansniteclub_data\buttons_data\11promos1.gif --> mail.cti-clonmel.ie /var/www/html/subjects/webauthoring/websites2003/it.susanm/project/images/www.mangans.com_files/mangansniteclub_data/buttons_data 11promos1.gif
103.05.13 14:32 B H:\html\site3\images\www.mangans.com_files\mangansniteclub_data\buttons_data\11top81.gif --> mail.cti-clonmel.ie /var/www/html/subjects/webauthoring/websites2003/it.susanm/project/images/www.mangans.com_files/mangansniteclub_data/buttons_data 11top81.gif
103.05.13 14:32 B H:\html\site3\images\www.mangans.com_files\mangansniteclub_data\buttons_data\manganslogoS.gif --> mail.cti-clonmel.ie /var/www/html/subjects/webauthoring/websites2003/it.susanm/project/images/www.mangans.com_files/mangansniteclub_data/buttons_data manganslogoS.gif
