103.04.28 10:36 B H:\html\Assignment\Images\anim.gif --> mail.cti-clonmel.ie /var/www/html/subjects/webauthoring/websites2003/it.jasond/Project/Images anim.gif
103.04.28 10:36 B H:\html\Assignment\Images\animals.gif --> mail.cti-clonmel.ie /var/www/html/subjects/webauthoring/websites2003/it.jasond/Project/Images animals.gif
103.04.28 10:36 B H:\html\Assignment\Images\back5.gif --> mail.cti-clonmel.ie /var/www/html/subjects/webauthoring/websites2003/it.jasond/Project/Images back5.gif
103.04.28 10:36 B H:\html\Assignment\Images\car.gif --> mail.cti-clonmel.ie /var/www/html/subjects/webauthoring/websites2003/it.jasond/Project/Images car.gif
103.04.28 10:36 B H:\html\Assignment\Images\cubs.jpg --> mail.cti-clonmel.ie /var/www/html/subjects/webauthoring/websites2003/it.jasond/Project/Images cubs.jpg
103.04.28 10:36 B H:\html\Assignment\Images\elephant.gif --> mail.cti-clonmel.ie /var/www/html/subjects/webauthoring/websites2003/it.jasond/Project/Images elephant.gif
103.04.28 10:36 B H:\html\Assignment\Images\forward.gif --> mail.cti-clonmel.ie /var/www/html/subjects/webauthoring/websites2003/it.jasond/Project/Images forward.gif
103.04.28 10:36 B H:\html\Assignment\Images\giraffe.jpg --> mail.cti-clonmel.ie /var/www/html/subjects/webauthoring/websites2003/it.jasond/Project/Images giraffe.jpg
103.04.28 10:36 B H:\html\Assignment\Images\home5.gif --> mail.cti-clonmel.ie /var/www/html/subjects/webauthoring/websites2003/it.jasond/Project/Images home5.gif
103.04.28 10:36 B H:\html\Assignment\Images\map.gif --> mail.cti-clonmel.ie /var/www/html/subjects/webauthoring/websites2003/it.jasond/Project/Images map.gif
103.04.28 10:36 B H:\html\Assignment\Images\map.jpeg --> mail.cti-clonmel.ie /var/www/html/subjects/webauthoring/websites2003/it.jasond/Project/Images map.jpeg
103.04.28 10:36 B H:\html\Assignment\Images\member.gif --> mail.cti-clonmel.ie /var/www/html/subjects/webauthoring/websites2003/it.jasond/Project/Images member.gif
103.04.28 10:36 B H:\html\Assignment\Images\member2.gif --> mail.cti-clonmel.ie /var/www/html/subjects/webauthoring/websites2003/it.jasond/Project/Images member2.gif
103.04.28 10:36 B H:\html\Assignment\Images\minimap.gif --> mail.cti-clonmel.ie /var/www/html/subjects/webauthoring/websites2003/it.jasond/Project/Images minimap.gif
103.04.28 10:36 B H:\html\Assignment\Images\plane.gif --> mail.cti-clonmel.ie /var/www/html/subjects/webauthoring/websites2003/it.jasond/Project/Images plane.gif
103.04.28 10:36 B H:\html\Assignment\Images\pulser.gif --> mail.cti-clonmel.ie /var/www/html/subjects/webauthoring/websites2003/it.jasond/Project/Images pulser.gif
103.04.28 10:36 B H:\html\Assignment\Images\train.gif --> mail.cti-clonmel.ie /var/www/html/subjects/webauthoring/websites2003/it.jasond/Project/Images train.gif
103.04.28 10:36 B H:\html\Assignment\Images\welcome.gif --> mail.cti-clonmel.ie /var/www/html/subjects/webauthoring/websites2003/it.jasond/Project/Images welcome.gif
103.04.28 10:36 B H:\html\Assignment\Images\wildlife.gif --> mail.cti-clonmel.ie /var/www/html/subjects/webauthoring/websites2003/it.jasond/Project/Images wildlife.gif
103.04.28 10:41 B H:\html\Assignment\Images\anim.gif --> mail.cti-clonmel.ie /var/www/html/subjects/webauthoring/websites2003/it.jasond/Images anim.gif
103.04.28 10:41 B H:\html\Assignment\Images\animals.gif --> mail.cti-clonmel.ie /var/www/html/subjects/webauthoring/websites2003/it.jasond/Images animals.gif
103.04.28 10:41 B H:\html\Assignment\Images\back5.gif --> mail.cti-clonmel.ie /var/www/html/subjects/webauthoring/websites2003/it.jasond/Images back5.gif
103.04.28 10:41 B H:\html\Assignment\Images\car.gif --> mail.cti-clonmel.ie /var/www/html/subjects/webauthoring/websites2003/it.jasond/Images car.gif
103.04.28 10:41 B H:\html\Assignment\Images\cubs.jpg --> mail.cti-clonmel.ie /var/www/html/subjects/webauthoring/websites2003/it.jasond/Images cubs.jpg
103.04.28 10:41 B H:\html\Assignment\Images\elephant.gif --> mail.cti-clonmel.ie /var/www/html/subjects/webauthoring/websites2003/it.jasond/Images elephant.gif
103.04.28 10:41 B H:\html\Assignment\Images\forward.gif --> mail.cti-clonmel.ie /var/www/html/subjects/webauthoring/websites2003/it.jasond/Images forward.gif
103.04.28 10:41 B H:\html\Assignment\Images\giraffe.jpg --> mail.cti-clonmel.ie /var/www/html/subjects/webauthoring/websites2003/it.jasond/Images giraffe.jpg
103.04.28 10:41 B H:\html\Assignment\Images\home5.gif --> mail.cti-clonmel.ie /var/www/html/subjects/webauthoring/websites2003/it.jasond/Images home5.gif
103.04.28 10:41 B H:\html\Assignment\Images\map.gif --> mail.cti-clonmel.ie /var/www/html/subjects/webauthoring/websites2003/it.jasond/Images map.gif
103.04.28 10:41 B H:\html\Assignment\Images\map.jpeg --> mail.cti-clonmel.ie /var/www/html/subjects/webauthoring/websites2003/it.jasond/Images map.jpeg
103.04.28 10:41 B H:\html\Assignment\Images\member.gif --> mail.cti-clonmel.ie /var/www/html/subjects/webauthoring/websites2003/it.jasond/Images member.gif
103.04.28 10:41 B H:\html\Assignment\Images\member2.gif --> mail.cti-clonmel.ie /var/www/html/subjects/webauthoring/websites2003/it.jasond/Images member2.gif
103.04.28 10:41 B H:\html\Assignment\Images\minimap.gif --> mail.cti-clonmel.ie /var/www/html/subjects/webauthoring/websites2003/it.jasond/Images minimap.gif
103.04.28 10:41 B H:\html\Assignment\Images\plane.gif --> mail.cti-clonmel.ie /var/www/html/subjects/webauthoring/websites2003/it.jasond/Images plane.gif
103.04.28 10:41 B H:\html\Assignment\Images\pulser.gif --> mail.cti-clonmel.ie /var/www/html/subjects/webauthoring/websites2003/it.jasond/Images pulser.gif
103.04.28 10:41 B H:\html\Assignment\Images\train.gif --> mail.cti-clonmel.ie /var/www/html/subjects/webauthoring/websites2003/it.jasond/Images train.gif
103.04.28 10:41 B H:\html\Assignment\Images\welcome.gif --> mail.cti-clonmel.ie /var/www/html/subjects/webauthoring/websites2003/it.jasond/Images welcome.gif
103.04.28 10:41 B H:\html\Assignment\Images\wildlife.gif --> mail.cti-clonmel.ie /var/www/html/subjects/webauthoring/websites2003/it.jasond/Images wildlife.gif
