102.05.03 14:33 B H:\Web_Site\Map\the_team\images\1.jpg --> linux1 /home/httpd/html/subjects/webauthoring/websites2002/it.michaelm/the_team/images 1.jpg
102.05.03 14:33 B H:\Web_Site\Map\the_team\images\10.jpg --> linux1 /home/httpd/html/subjects/webauthoring/websites2002/it.michaelm/the_team/images 10.jpg
102.05.03 14:33 B H:\Web_Site\Map\the_team\images\11.jpg --> linux1 /home/httpd/html/subjects/webauthoring/websites2002/it.michaelm/the_team/images 11.jpg
102.05.03 14:33 B H:\Web_Site\Map\the_team\images\12.jpg --> linux1 /home/httpd/html/subjects/webauthoring/websites2002/it.michaelm/the_team/images 12.jpg
102.05.03 14:33 B H:\Web_Site\Map\the_team\images\13.jpg --> linux1 /home/httpd/html/subjects/webauthoring/websites2002/it.michaelm/the_team/images 13.jpg
102.05.03 14:33 B H:\Web_Site\Map\the_team\images\14.jpg --> linux1 /home/httpd/html/subjects/webauthoring/websites2002/it.michaelm/the_team/images 14.jpg
102.05.03 14:33 B H:\Web_Site\Map\the_team\images\15.jpg --> linux1 /home/httpd/html/subjects/webauthoring/websites2002/it.michaelm/the_team/images 15.jpg
102.05.03 14:33 B H:\Web_Site\Map\the_team\images\2.jpg --> linux1 /home/httpd/html/subjects/webauthoring/websites2002/it.michaelm/the_team/images 2.jpg
102.05.03 14:33 B H:\Web_Site\Map\the_team\images\3.jpg --> linux1 /home/httpd/html/subjects/webauthoring/websites2002/it.michaelm/the_team/images 3.jpg
102.05.03 14:33 B H:\Web_Site\Map\the_team\images\4.jpg --> linux1 /home/httpd/html/subjects/webauthoring/websites2002/it.michaelm/the_team/images 4.jpg
102.05.03 14:33 B H:\Web_Site\Map\the_team\images\5.jpg --> linux1 /home/httpd/html/subjects/webauthoring/websites2002/it.michaelm/the_team/images 5.jpg
102.05.03 14:33 B H:\Web_Site\Map\the_team\images\6.jpg --> linux1 /home/httpd/html/subjects/webauthoring/websites2002/it.michaelm/the_team/images 6.jpg
102.05.03 14:33 B H:\Web_Site\Map\the_team\images\7.jpg --> linux1 /home/httpd/html/subjects/webauthoring/websites2002/it.michaelm/the_team/images 7.jpg
102.05.03 14:33 B H:\Web_Site\Map\the_team\images\8.jpg --> linux1 /home/httpd/html/subjects/webauthoring/websites2002/it.michaelm/the_team/images 8.jpg
102.05.03 14:33 B H:\Web_Site\Map\the_team\images\9.jpg --> linux1 /home/httpd/html/subjects/webauthoring/websites2002/it.michaelm/the_team/images 9.jpg
102.05.03 14:33 B H:\Web_Site\Map\the_team\images\99.jpg --> linux1 /home/httpd/html/subjects/webauthoring/websites2002/it.michaelm/the_team/images 99.jpg
102.05.03 14:33 B H:\Web_Site\Map\the_team\images\ball.gif --> linux1 /home/httpd/html/subjects/webauthoring/websites2002/it.michaelm/the_team/images ball.gif
102.05.03 14:33 B H:\Web_Site\Map\the_team\images\cork_crest.gif --> linux1 /home/httpd/html/subjects/webauthoring/websites2002/it.michaelm/the_team/images cork_crest.gif
102.05.03 14:33 B H:\Web_Site\Map\the_team\images\corkcon.gif --> linux1 /home/httpd/html/subjects/webauthoring/websites2002/it.michaelm/the_team/images corkcon.gif
102.05.03 14:33 B H:\Web_Site\Map\the_team\images\crest1.jpg --> linux1 /home/httpd/html/subjects/webauthoring/websites2002/it.michaelm/the_team/images crest1.jpg
102.05.03 14:33 B H:\Web_Site\Map\the_team\images\founder.jpg --> linux1 /home/httpd/html/subjects/webauthoring/websites2002/it.michaelm/the_team/images founder.jpg
102.05.03 14:33 B H:\Web_Site\Map\the_team\images\jump.jpg --> linux1 /home/httpd/html/subjects/webauthoring/websites2002/it.michaelm/the_team/images jump.jpg
102.05.03 14:33 B H:\Web_Site\Map\the_team\images\map.jpg --> linux1 /home/httpd/html/subjects/webauthoring/websites2002/it.michaelm/the_team/images map.jpg
102.05.03 14:33 B H:\Web_Site\Map\the_team\images\squad.gif --> linux1 /home/httpd/html/subjects/webauthoring/websites2002/it.michaelm/the_team/images squad.gif
102.05.03 14:34 B H:\Web_Site\Map\the_team\images\1.jpg --> linux1 /home/httpd/html/subjects/webauthoring/websites2002/it.michaelm/the_team/images 1.jpg
102.05.03 14:34 B H:\Web_Site\Map\the_team\images\10.jpg --> linux1 /home/httpd/html/subjects/webauthoring/websites2002/it.michaelm/the_team/images 10.jpg
102.05.03 14:34 B H:\Web_Site\Map\the_team\images\11.jpg --> linux1 /home/httpd/html/subjects/webauthoring/websites2002/it.michaelm/the_team/images 11.jpg
102.05.03 14:34 B H:\Web_Site\Map\the_team\images\12.jpg --> linux1 /home/httpd/html/subjects/webauthoring/websites2002/it.michaelm/the_team/images 12.jpg
102.05.03 14:34 B H:\Web_Site\Map\the_team\images\13.jpg --> linux1 /home/httpd/html/subjects/webauthoring/websites2002/it.michaelm/the_team/images 13.jpg
102.05.03 14:34 B H:\Web_Site\Map\the_team\images\14.jpg --> linux1 /home/httpd/html/subjects/webauthoring/websites2002/it.michaelm/the_team/images 14.jpg
102.05.03 14:34 B H:\Web_Site\Map\the_team\images\15.jpg --> linux1 /home/httpd/html/subjects/webauthoring/websites2002/it.michaelm/the_team/images 15.jpg
102.05.03 14:34 B H:\Web_Site\Map\the_team\images\2.jpg --> linux1 /home/httpd/html/subjects/webauthoring/websites2002/it.michaelm/the_team/images 2.jpg
102.05.03 14:34 B H:\Web_Site\Map\the_team\images\3.jpg --> linux1 /home/httpd/html/subjects/webauthoring/websites2002/it.michaelm/the_team/images 3.jpg
102.05.03 14:34 B H:\Web_Site\Map\the_team\images\4.jpg --> linux1 /home/httpd/html/subjects/webauthoring/websites2002/it.michaelm/the_team/images 4.jpg
102.05.03 14:34 B H:\Web_Site\Map\the_team\images\5.jpg --> linux1 /home/httpd/html/subjects/webauthoring/websites2002/it.michaelm/the_team/images 5.jpg
102.05.03 14:34 B H:\Web_Site\Map\the_team\images\6.jpg --> linux1 /home/httpd/html/subjects/webauthoring/websites2002/it.michaelm/the_team/images 6.jpg
102.05.03 14:34 B H:\Web_Site\Map\the_team\images\7.jpg --> linux1 /home/httpd/html/subjects/webauthoring/websites2002/it.michaelm/the_team/images 7.jpg
102.05.03 14:34 B H:\Web_Site\Map\the_team\images\8.jpg --> linux1 /home/httpd/html/subjects/webauthoring/websites2002/it.michaelm/the_team/images 8.jpg
102.05.03 14:34 B H:\Web_Site\Map\the_team\images\9.jpg --> linux1 /home/httpd/html/subjects/webauthoring/websites2002/it.michaelm/the_team/images 9.jpg
102.05.03 14:34 B H:\Web_Site\Map\the_team\images\99.jpg --> linux1 /home/httpd/html/subjects/webauthoring/websites2002/it.michaelm/the_team/images 99.jpg
102.05.03 14:34 B H:\Web_Site\Map\the_team\images\ball.gif --> linux1 /home/httpd/html/subjects/webauthoring/websites2002/it.michaelm/the_team/images ball.gif
102.05.03 14:34 B H:\Web_Site\Map\the_team\images\cork_crest.gif --> linux1 /home/httpd/html/subjects/webauthoring/websites2002/it.michaelm/the_team/images cork_crest.gif
102.05.03 14:34 B H:\Web_Site\Map\the_team\images\corkcon.gif --> linux1 /home/httpd/html/subjects/webauthoring/websites2002/it.michaelm/the_team/images corkcon.gif
102.05.03 14:34 B H:\Web_Site\Map\the_team\images\crest1.jpg --> linux1 /home/httpd/html/subjects/webauthoring/websites2002/it.michaelm/the_team/images crest1.jpg
102.05.03 14:34 B H:\Web_Site\Map\the_team\images\founder.jpg --> linux1 /home/httpd/html/subjects/webauthoring/websites2002/it.michaelm/the_team/images founder.jpg
102.05.03 14:34 B H:\Web_Site\Map\the_team\images\jump.jpg --> linux1 /home/httpd/html/subjects/webauthoring/websites2002/it.michaelm/the_team/images jump.jpg
102.05.03 14:34 B H:\Web_Site\Map\the_team\images\map.jpg --> linux1 /home/httpd/html/subjects/webauthoring/websites2002/it.michaelm/the_team/images map.jpg
102.05.03 14:34 B H:\Web_Site\Map\the_team\images\squad.gif --> linux1 /home/httpd/html/subjects/webauthoring/websites2002/it.michaelm/the_team/images squad.gif
102.05.03 14:34 B H:\Web_Site\Map\the_team\images\WS_FTP.LOG --> linux1 /home/httpd/html/subjects/webauthoring/websites2002/it.michaelm/the_team/images WS_FTP.LOG
102.05.03 14:40 B H:\Web_Site\Map\the_team\images\1.jpg --> linux1 /home/httpd/html/subjects/webauthoring/websites2002/it.michaelm/the_team/images 1.jpg
102.05.03 14:40 B H:\Web_Site\Map\the_team\images\10.jpg --> linux1 /home/httpd/html/subjects/webauthoring/websites2002/it.michaelm/the_team/images 10.jpg
102.05.03 14:40 B H:\Web_Site\Map\the_team\images\11.jpg --> linux1 /home/httpd/html/subjects/webauthoring/websites2002/it.michaelm/the_team/images 11.jpg
102.05.03 14:40 B H:\Web_Site\Map\the_team\images\12.jpg --> linux1 /home/httpd/html/subjects/webauthoring/websites2002/it.michaelm/the_team/images 12.jpg
102.05.03 14:40 B H:\Web_Site\Map\the_team\images\13.jpg --> linux1 /home/httpd/html/subjects/webauthoring/websites2002/it.michaelm/the_team/images 13.jpg
102.05.03 14:40 B H:\Web_Site\Map\the_team\images\14.jpg --> linux1 /home/httpd/html/subjects/webauthoring/websites2002/it.michaelm/the_team/images 14.jpg
102.05.03 14:40 B H:\Web_Site\Map\the_team\images\15.jpg --> linux1 /home/httpd/html/subjects/webauthoring/websites2002/it.michaelm/the_team/images 15.jpg
102.05.03 14:40 B H:\Web_Site\Map\the_team\images\2.jpg --> linux1 /home/httpd/html/subjects/webauthoring/websites2002/it.michaelm/the_team/images 2.jpg
102.05.03 14:40 B H:\Web_Site\Map\the_team\images\3.jpg --> linux1 /home/httpd/html/subjects/webauthoring/websites2002/it.michaelm/the_team/images 3.jpg
102.05.03 14:40 B H:\Web_Site\Map\the_team\images\4.jpg --> linux1 /home/httpd/html/subjects/webauthoring/websites2002/it.michaelm/the_team/images 4.jpg
102.05.03 14:40 B H:\Web_Site\Map\the_team\images\5.jpg --> linux1 /home/httpd/html/subjects/webauthoring/websites2002/it.michaelm/the_team/images 5.jpg
102.05.03 14:40 B H:\Web_Site\Map\the_team\images\6.jpg --> linux1 /home/httpd/html/subjects/webauthoring/websites2002/it.michaelm/the_team/images 6.jpg
102.05.03 14:40 B H:\Web_Site\Map\the_team\images\7.jpg --> linux1 /home/httpd/html/subjects/webauthoring/websites2002/it.michaelm/the_team/images 7.jpg
102.05.03 14:40 B H:\Web_Site\Map\the_team\images\8.jpg --> linux1 /home/httpd/html/subjects/webauthoring/websites2002/it.michaelm/the_team/images 8.jpg
102.05.03 14:40 B H:\Web_Site\Map\the_team\images\9.jpg --> linux1 /home/httpd/html/subjects/webauthoring/websites2002/it.michaelm/the_team/images 9.jpg
102.05.03 14:40 B H:\Web_Site\Map\the_team\images\99.jpg --> linux1 /home/httpd/html/subjects/webauthoring/websites2002/it.michaelm/the_team/images 99.jpg
102.05.03 14:40 B H:\Web_Site\Map\the_team\images\ball.gif --> linux1 /home/httpd/html/subjects/webauthoring/websites2002/it.michaelm/the_team/images ball.gif
102.05.03 14:40 B H:\Web_Site\Map\the_team\images\cork_crest.gif --> linux1 /home/httpd/html/subjects/webauthoring/websites2002/it.michaelm/the_team/images cork_crest.gif
102.05.03 14:40 B H:\Web_Site\Map\the_team\images\corkcon.gif --> linux1 /home/httpd/html/subjects/webauthoring/websites2002/it.michaelm/the_team/images corkcon.gif
102.05.03 14:40 B H:\Web_Site\Map\the_team\images\crest1.jpg --> linux1 /home/httpd/html/subjects/webauthoring/websites2002/it.michaelm/the_team/images crest1.jpg
102.05.03 14:40 B H:\Web_Site\Map\the_team\images\founder.jpg --> linux1 /home/httpd/html/subjects/webauthoring/websites2002/it.michaelm/the_team/images founder.jpg
102.05.03 14:40 B H:\Web_Site\Map\the_team\images\jump.jpg --> linux1 /home/httpd/html/subjects/webauthoring/websites2002/it.michaelm/the_team/images jump.jpg
102.05.03 14:40 B H:\Web_Site\Map\the_team\images\map.jpg --> linux1 /home/httpd/html/subjects/webauthoring/websites2002/it.michaelm/the_team/images map.jpg
102.05.03 14:40 B H:\Web_Site\Map\the_team\images\squad.gif --> linux1 /home/httpd/html/subjects/webauthoring/websites2002/it.michaelm/the_team/images squad.gif
102.05.03 14:40 B H:\Web_Site\Map\the_team\images\WS_FTP.LOG --> linux1 /home/httpd/html/subjects/webauthoring/websites2002/it.michaelm/the_team/images WS_FTP.LOG
102.05.03 14:41 B H:\Web_Site\Map\the_team\images\1.jpg --> linux1 /home/httpd/html/subjects/webauthoring/websites2002/it.michaelm/the_team/images 1.jpg
102.05.03 14:41 B H:\Web_Site\Map\the_team\images\10.jpg --> linux1 /home/httpd/html/subjects/webauthoring/websites2002/it.michaelm/the_team/images 10.jpg
102.05.03 14:41 B H:\Web_Site\Map\the_team\images\11.jpg --> linux1 /home/httpd/html/subjects/webauthoring/websites2002/it.michaelm/the_team/images 11.jpg
102.05.03 14:41 B H:\Web_Site\Map\the_team\images\12.jpg --> linux1 /home/httpd/html/subjects/webauthoring/websites2002/it.michaelm/the_team/images 12.jpg
102.05.03 14:41 B H:\Web_Site\Map\the_team\images\13.jpg --> linux1 /home/httpd/html/subjects/webauthoring/websites2002/it.michaelm/the_team/images 13.jpg
102.05.03 14:41 B H:\Web_Site\Map\the_team\images\14.jpg --> linux1 /home/httpd/html/subjects/webauthoring/websites2002/it.michaelm/the_team/images 14.jpg
102.05.03 14:41 B H:\Web_Site\Map\the_team\images\15.jpg --> linux1 /home/httpd/html/subjects/webauthoring/websites2002/it.michaelm/the_team/images 15.jpg
102.05.03 14:41 B H:\Web_Site\Map\the_team\images\2.jpg --> linux1 /home/httpd/html/subjects/webauthoring/websites2002/it.michaelm/the_team/images 2.jpg
102.05.03 14:41 B H:\Web_Site\Map\the_team\images\3.jpg --> linux1 /home/httpd/html/subjects/webauthoring/websites2002/it.michaelm/the_team/images 3.jpg
102.05.03 14:41 B H:\Web_Site\Map\the_team\images\4.jpg --> linux1 /home/httpd/html/subjects/webauthoring/websites2002/it.michaelm/the_team/images 4.jpg
102.05.03 14:41 B H:\Web_Site\Map\the_team\images\5.jpg --> linux1 /home/httpd/html/subjects/webauthoring/websites2002/it.michaelm/the_team/images 5.jpg
102.05.03 14:41 B H:\Web_Site\Map\the_team\images\6.jpg --> linux1 /home/httpd/html/subjects/webauthoring/websites2002/it.michaelm/the_team/images 6.jpg
102.05.03 14:41 B H:\Web_Site\Map\the_team\images\7.jpg --> linux1 /home/httpd/html/subjects/webauthoring/websites2002/it.michaelm/the_team/images 7.jpg
102.05.03 14:41 B H:\Web_Site\Map\the_team\images\8.jpg --> linux1 /home/httpd/html/subjects/webauthoring/websites2002/it.michaelm/the_team/images 8.jpg
102.05.03 14:41 B H:\Web_Site\Map\the_team\images\9.jpg --> linux1 /home/httpd/html/subjects/webauthoring/websites2002/it.michaelm/the_team/images 9.jpg
102.05.03 14:41 B H:\Web_Site\Map\the_team\images\99.jpg --> linux1 /home/httpd/html/subjects/webauthoring/websites2002/it.michaelm/the_team/images 99.jpg
102.05.03 14:41 B H:\Web_Site\Map\the_team\images\ball.gif --> linux1 /home/httpd/html/subjects/webauthoring/websites2002/it.michaelm/the_team/images ball.gif
102.05.03 14:41 B H:\Web_Site\Map\the_team\images\cork_crest.gif --> linux1 /home/httpd/html/subjects/webauthoring/websites2002/it.michaelm/the_team/images cork_crest.gif
102.05.03 14:41 B H:\Web_Site\Map\the_team\images\corkcon.gif --> linux1 /home/httpd/html/subjects/webauthoring/websites2002/it.michaelm/the_team/images corkcon.gif
102.05.03 14:41 B H:\Web_Site\Map\the_team\images\crest1.jpg --> linux1 /home/httpd/html/subjects/webauthoring/websites2002/it.michaelm/the_team/images crest1.jpg
102.05.03 14:41 B H:\Web_Site\Map\the_team\images\founder.jpg --> linux1 /home/httpd/html/subjects/webauthoring/websites2002/it.michaelm/the_team/images founder.jpg
102.05.03 14:41 B H:\Web_Site\Map\the_team\images\jump.jpg --> linux1 /home/httpd/html/subjects/webauthoring/websites2002/it.michaelm/the_team/images jump.jpg
102.05.03 14:41 B H:\Web_Site\Map\the_team\images\map.jpg --> linux1 /home/httpd/html/subjects/webauthoring/websites2002/it.michaelm/the_team/images map.jpg
102.05.03 14:41 B H:\Web_Site\Map\the_team\images\squad.gif --> linux1 /home/httpd/html/subjects/webauthoring/websites2002/it.michaelm/the_team/images squad.gif
