102.05.03 14:09 B H:\mywebsite\About.html --> linux1 /home/httpd/html/subjects/webauthoring/websites2002/it.adrians About.html
102.05.03 14:09 B H:\mywebsite\front.jpg --> linux1 /home/httpd/html/subjects/webauthoring/websites2002/it.adrians front.jpg
102.05.03 14:09 B H:\mywebsite\Honours.html --> linux1 /home/httpd/html/subjects/webauthoring/websites2002/it.adrians Honours.html
102.05.03 14:09 B H:\mywebsite\index.html --> linux1 /home/httpd/html/subjects/webauthoring/websites2002/it.adrians index.html
102.05.03 14:09 B H:\mywebsite\Inside1.jpg --> linux1 /home/httpd/html/subjects/webauthoring/websites2002/it.adrians Inside1.jpg
102.05.03 14:09 B H:\mywebsite\introduction.html --> linux1 /home/httpd/html/subjects/webauthoring/websites2002/it.adrians introduction.html
102.05.03 14:09 B H:\mywebsite\Quotes.html --> linux1 /home/httpd/html/subjects/webauthoring/websites2002/it.adrians Quotes.html
102.05.03 14:12 B H:\mywebsite\introduction.html --> linux1 /home/httpd/html/subjects/webauthoring/websites2002/it.adrians introduction.html
102.05.03 14:14 B H:\mywebsite\introduction.html --> linux1 /home/httpd/html/subjects/webauthoring/websites2002/it.adrians introduction.html
102.05.03 14:19 B H:\mywebsite\introduction.html --> linux1 /home/httpd/html/subjects/webauthoring/websites2002/it.adrians introduction.html
102.05.03 14:28 B H:\mywebsite\introduction.html --> linux1 /home/httpd/html/subjects/webauthoring/websites2002/it.adrians introduction.html
102.05.03 14:31 B H:\mywebsite\About.html --> linux1 /home/httpd/html/subjects/webauthoring/websites2002/it.adrians About.html
102.05.03 14:31 B H:\mywebsite\front.jpg --> linux1 /home/httpd/html/subjects/webauthoring/websites2002/it.adrians front.jpg
102.05.03 14:31 B H:\mywebsite\Honours.html --> linux1 /home/httpd/html/subjects/webauthoring/websites2002/it.adrians Honours.html
102.05.03 14:31 B H:\mywebsite\index.html --> linux1 /home/httpd/html/subjects/webauthoring/websites2002/it.adrians index.html
102.05.03 14:31 B H:\mywebsite\Inside1.jpg --> linux1 /home/httpd/html/subjects/webauthoring/websites2002/it.adrians Inside1.jpg
102.05.03 14:31 B H:\mywebsite\introduction.html --> linux1 /home/httpd/html/subjects/webauthoring/websites2002/it.adrians introduction.html
102.05.03 14:31 B H:\mywebsite\Quotes.html --> linux1 /home/httpd/html/subjects/webauthoring/websites2002/it.adrians Quotes.html
102.05.03 14:33 B H:\mywebsite\introduction.html --> linux1 /home/httpd/html/subjects/webauthoring/websites2002/it.adrians introduction.html
102.05.03 14:39 B H:\mywebsite\About.html --> linux1 /home/httpd/html/subjects/webauthoring/websites2002/it.adrians About.html
102.05.03 14:39 B H:\mywebsite\front.jpg --> linux1 /home/httpd/html/subjects/webauthoring/websites2002/it.adrians front.jpg
102.05.03 14:39 B H:\mywebsite\home.html --> linux1 /home/httpd/html/subjects/webauthoring/websites2002/it.adrians home.html
102.05.03 14:39 B H:\mywebsite\honours.html --> linux1 /home/httpd/html/subjects/webauthoring/websites2002/it.adrians honours.html
102.05.03 14:39 B H:\mywebsite\index.html --> linux1 /home/httpd/html/subjects/webauthoring/websites2002/it.adrians index.html
102.05.03 14:39 B H:\mywebsite\Inside1.jpg --> linux1 /home/httpd/html/subjects/webauthoring/websites2002/it.adrians Inside1.jpg
102.05.03 14:39 B H:\mywebsite\introduction.html --> linux1 /home/httpd/html/subjects/webauthoring/websites2002/it.adrians introduction.html
102.05.03 14:39 B H:\mywebsite\Quotes.html --> linux1 /home/httpd/html/subjects/webauthoring/websites2002/it.adrians Quotes.html
102.05.03 14:43 B H:\mywebsite\About.html --> linux1 /home/httpd/html/subjects/webauthoring/websites2002/it.adrians About.html
102.05.03 14:43 B H:\mywebsite\front.jpg --> linux1 /home/httpd/html/subjects/webauthoring/websites2002/it.adrians front.jpg
102.05.03 14:43 B H:\mywebsite\home.html --> linux1 /home/httpd/html/subjects/webauthoring/websites2002/it.adrians home.html
102.05.03 14:43 B H:\mywebsite\honours.html --> linux1 /home/httpd/html/subjects/webauthoring/websites2002/it.adrians honours.html
102.05.03 14:43 B H:\mywebsite\index.html --> linux1 /home/httpd/html/subjects/webauthoring/websites2002/it.adrians index.html
102.05.03 14:43 B H:\mywebsite\Inside1.jpg --> linux1 /home/httpd/html/subjects/webauthoring/websites2002/it.adrians Inside1.jpg
102.05.03 14:43 B H:\mywebsite\introduction.html --> linux1 /home/httpd/html/subjects/webauthoring/websites2002/it.adrians introduction.html
102.05.03 14:43 B H:\mywebsite\Quotes.html --> linux1 /home/httpd/html/subjects/webauthoring/websites2002/it.adrians Quotes.html
102.05.03 14:45 B H:\mywebsite\about.html --> linux1 /home/httpd/html/subjects/webauthoring/websites2002/it.adrians about.html
102.05.03 14:45 B H:\mywebsite\front.jpg --> linux1 /home/httpd/html/subjects/webauthoring/websites2002/it.adrians front.jpg
102.05.03 14:45 B H:\mywebsite\home.html --> linux1 /home/httpd/html/subjects/webauthoring/websites2002/it.adrians home.html
102.05.03 14:45 B H:\mywebsite\honours.html --> linux1 /home/httpd/html/subjects/webauthoring/websites2002/it.adrians honours.html
102.05.03 14:45 B H:\mywebsite\index.html --> linux1 /home/httpd/html/subjects/webauthoring/websites2002/it.adrians index.html
102.05.03 14:45 B H:\mywebsite\Inside1.jpg --> linux1 /home/httpd/html/subjects/webauthoring/websites2002/it.adrians Inside1.jpg
102.05.03 14:45 B H:\mywebsite\introduction.html --> linux1 /home/httpd/html/subjects/webauthoring/websites2002/it.adrians introduction.html
102.05.03 14:45 B H:\mywebsite\quotes.html --> linux1 /home/httpd/html/subjects/webauthoring/websites2002/it.adrians quotes.html
102.05.03 14:45 B H:\mywebsite\WS_FTP.LOG --> linux1 /home/httpd/html/subjects/webauthoring/websites2002/it.adrians WS_FTP.LOG
102.05.03 14:47 B H:\mywebsite\Inside1.jpg --> linux1 /home/httpd/html/subjects/webauthoring/websites2002/it.adrians Inside1.jpg
102.05.03 14:47 B H:\mywebsite\about.html --> linux1 /home/httpd/html/subjects/webauthoring/websites2002/it.adrians about.html
102.05.03 14:47 B H:\mywebsite\front.jpg --> linux1 /home/httpd/html/subjects/webauthoring/websites2002/it.adrians front.jpg
102.05.03 14:47 B H:\mywebsite\home.html --> linux1 /home/httpd/html/subjects/webauthoring/websites2002/it.adrians home.html
102.05.03 14:47 B H:\mywebsite\honours.html --> linux1 /home/httpd/html/subjects/webauthoring/websites2002/it.adrians honours.html
102.05.03 14:47 B H:\mywebsite\index.html --> linux1 /home/httpd/html/subjects/webauthoring/websites2002/it.adrians index.html
102.05.03 14:47 B H:\mywebsite\inside1.jpg --> linux1 /home/httpd/html/subjects/webauthoring/websites2002/it.adrians inside1.jpg
102.05.03 14:47 B H:\mywebsite\introduction.html --> linux1 /home/httpd/html/subjects/webauthoring/websites2002/it.adrians introduction.html
102.05.03 14:47 B H:\mywebsite\quotes.html --> linux1 /home/httpd/html/subjects/webauthoring/websites2002/it.adrians quotes.html
102.05.03 14:47 B H:\mywebsite\WS_FTP.LOG --> linux1 /home/httpd/html/subjects/webauthoring/websites2002/it.adrians WS_FTP.LOG
102.05.03 14:49 B H:\mywebsite\about.html --> linux1 /home/httpd/html/subjects/webauthoring/websites2002/it.adrians about.html
102.05.03 14:49 B H:\mywebsite\front.jpg --> linux1 /home/httpd/html/subjects/webauthoring/websites2002/it.adrians front.jpg
102.05.03 14:49 B H:\mywebsite\honours.html --> linux1 /home/httpd/html/subjects/webauthoring/websites2002/it.adrians honours.html
102.05.03 14:49 B H:\mywebsite\index.html --> linux1 /home/httpd/html/subjects/webauthoring/websites2002/it.adrians index.html
102.05.03 14:49 B H:\mywebsite\inside1.jpg --> linux1 /home/httpd/html/subjects/webauthoring/websites2002/it.adrians inside1.jpg
102.05.03 14:49 B H:\mywebsite\introduction.html --> linux1 /home/httpd/html/subjects/webauthoring/websites2002/it.adrians introduction.html
102.05.03 14:49 B H:\mywebsite\quotes.html --> linux1 /home/httpd/html/subjects/webauthoring/websites2002/it.adrians quotes.html
102.05.03 14:49 B H:\mywebsite\WS_FTP.LOG --> linux1 /home/httpd/html/subjects/webauthoring/websites2002/it.adrians WS_FTP.LOG
102.05.03 14:57 B H:\mywebsite\about.html --> linux1 /home/httpd/html/subjects/webauthoring/websites2002/it.adrians about.html
102.05.03 14:57 B H:\mywebsite\front.jpg --> linux1 /home/httpd/html/subjects/webauthoring/websites2002/it.adrians front.jpg
102.05.03 14:57 B H:\mywebsite\honours.html --> linux1 /home/httpd/html/subjects/webauthoring/websites2002/it.adrians honours.html
102.05.03 14:57 B H:\mywebsite\index.html --> linux1 /home/httpd/html/subjects/webauthoring/websites2002/it.adrians index.html
102.05.03 14:57 B H:\mywebsite\inside1.jpg --> linux1 /home/httpd/html/subjects/webauthoring/websites2002/it.adrians inside1.jpg
102.05.03 14:57 B H:\mywebsite\introduction.html --> linux1 /home/httpd/html/subjects/webauthoring/websites2002/it.adrians introduction.html
102.05.03 14:57 B H:\mywebsite\quotes.html --> linux1 /home/httpd/html/subjects/webauthoring/websites2002/it.adrians quotes.html
102.05.03 14:57 B H:\mywebsite\WS_FTP.LOG --> linux1 /home/httpd/html/subjects/webauthoring/websites2002/it.adrians WS_FTP.LOG
102.05.03 15:04 B H:\mywebsite\about.html --> linux1 /home/httpd/html/subjects/webauthoring/websites2002/it.adrians about.html
102.05.03 15:04 B H:\mywebsite\front.jpg --> linux1 /home/httpd/html/subjects/webauthoring/websites2002/it.adrians front.jpg
102.05.03 15:04 B H:\mywebsite\honours.html --> linux1 /home/httpd/html/subjects/webauthoring/websites2002/it.adrians honours.html
102.05.03 15:04 B H:\mywebsite\index.html --> linux1 /home/httpd/html/subjects/webauthoring/websites2002/it.adrians index.html
102.05.03 15:04 B H:\mywebsite\inside1.jpg --> linux1 /home/httpd/html/subjects/webauthoring/websites2002/it.adrians inside1.jpg
102.05.03 15:04 B H:\mywebsite\introduction.html --> linux1 /home/httpd/html/subjects/webauthoring/websites2002/it.adrians introduction.html
102.05.03 15:04 B H:\mywebsite\quotes.html --> linux1 /home/httpd/html/subjects/webauthoring/websites2002/it.adrians quotes.html
