102.05.03 14:33 B H:\Web_Site\Map\the_team\4.html --> linux1 /home/httpd/html/subjects/webauthoring/websites2002/it.michaelm/the_team 4.html
102.05.03 14:33 B H:\Web_Site\Map\the_team\4.html.bak --> linux1 /home/httpd/html/subjects/webauthoring/websites2002/it.michaelm/the_team 4.html.bak
102.05.03 14:33 B H:\Web_Site\Map\the_team\5.html --> linux1 /home/httpd/html/subjects/webauthoring/websites2002/it.michaelm/the_team 5.html
102.05.03 14:33 B H:\Web_Site\Map\the_team\5.html.bak --> linux1 /home/httpd/html/subjects/webauthoring/websites2002/it.michaelm/the_team 5.html.bak
102.05.03 14:33 B H:\Web_Site\Map\the_team\8.html --> linux1 /home/httpd/html/subjects/webauthoring/websites2002/it.michaelm/the_team 8.html
102.05.03 14:33 B H:\Web_Site\Map\the_team\8.html.bak --> linux1 /home/httpd/html/subjects/webauthoring/websites2002/it.michaelm/the_team 8.html.bak
102.05.03 14:33 B H:\Web_Site\Map\the_team\blindflanker.html --> linux1 /home/httpd/html/subjects/webauthoring/websites2002/it.michaelm/the_team blindflanker.html
102.05.03 14:33 B H:\Web_Site\Map\the_team\blindflanker.html.bak --> linux1 /home/httpd/html/subjects/webauthoring/websites2002/it.michaelm/the_team blindflanker.html.bak
102.05.03 14:33 B H:\Web_Site\Map\the_team\firstcentre.html --> linux1 /home/httpd/html/subjects/webauthoring/websites2002/it.michaelm/the_team firstcentre.html
102.05.03 14:33 B H:\Web_Site\Map\the_team\firstcentre.html.bak --> linux1 /home/httpd/html/subjects/webauthoring/websites2002/it.michaelm/the_team firstcentre.html.bak
102.05.03 14:33 B H:\Web_Site\Map\the_team\fullback.html --> linux1 /home/httpd/html/subjects/webauthoring/websites2002/it.michaelm/the_team fullback.html
102.05.03 14:33 B H:\Web_Site\Map\the_team\fullback.html.bak --> linux1 /home/httpd/html/subjects/webauthoring/websites2002/it.michaelm/the_team fullback.html.bak
102.05.03 14:33 B H:\Web_Site\Map\the_team\hooker.html --> linux1 /home/httpd/html/subjects/webauthoring/websites2002/it.michaelm/the_team hooker.html
102.05.03 14:33 B H:\Web_Site\Map\the_team\hooker.html.bak --> linux1 /home/httpd/html/subjects/webauthoring/websites2002/it.michaelm/the_team hooker.html.bak
102.05.03 14:33 B H:\Web_Site\Map\the_team\leftwing.html --> linux1 /home/httpd/html/subjects/webauthoring/websites2002/it.michaelm/the_team leftwing.html
102.05.03 14:33 B H:\Web_Site\Map\the_team\leftwing.html.bak --> linux1 /home/httpd/html/subjects/webauthoring/websites2002/it.michaelm/the_team leftwing.html.bak
102.05.03 14:33 B H:\Web_Site\Map\the_team\loose.html --> linux1 /home/httpd/html/subjects/webauthoring/websites2002/it.michaelm/the_team loose.html
102.05.03 14:33 B H:\Web_Site\Map\the_team\loose.html.bak --> linux1 /home/httpd/html/subjects/webauthoring/websites2002/it.michaelm/the_team loose.html.bak
102.05.03 14:33 B H:\Web_Site\Map\the_team\openflanker.html --> linux1 /home/httpd/html/subjects/webauthoring/websites2002/it.michaelm/the_team openflanker.html
102.05.03 14:33 B H:\Web_Site\Map\the_team\openflanker.html.bak --> linux1 /home/httpd/html/subjects/webauthoring/websites2002/it.michaelm/the_team openflanker.html.bak
102.05.03 14:33 B H:\Web_Site\Map\the_team\outHalf.html --> linux1 /home/httpd/html/subjects/webauthoring/websites2002/it.michaelm/the_team outHalf.html
102.05.03 14:33 B H:\Web_Site\Map\the_team\outHalf.html.bak --> linux1 /home/httpd/html/subjects/webauthoring/websites2002/it.michaelm/the_team outHalf.html.bak
102.05.03 14:33 B H:\Web_Site\Map\the_team\rightwing.html --> linux1 /home/httpd/html/subjects/webauthoring/websites2002/it.michaelm/the_team rightwing.html
102.05.03 14:33 B H:\Web_Site\Map\the_team\rightwing.html.bak --> linux1 /home/httpd/html/subjects/webauthoring/websites2002/it.michaelm/the_team rightwing.html.bak
102.05.03 14:33 B H:\Web_Site\Map\the_team\scrumhalf.html --> linux1 /home/httpd/html/subjects/webauthoring/websites2002/it.michaelm/the_team scrumhalf.html
102.05.03 14:33 B H:\Web_Site\Map\the_team\scrumhalf.html.bak --> linux1 /home/httpd/html/subjects/webauthoring/websites2002/it.michaelm/the_team scrumhalf.html.bak
102.05.03 14:33 B H:\Web_Site\Map\the_team\secondcentre.html --> linux1 /home/httpd/html/subjects/webauthoring/websites2002/it.michaelm/the_team secondcentre.html
102.05.03 14:33 B H:\Web_Site\Map\the_team\secondcentre.html.bak --> linux1 /home/httpd/html/subjects/webauthoring/websites2002/it.michaelm/the_team secondcentre.html.bak
102.05.03 14:33 B H:\Web_Site\Map\the_team\tight.html --> linux1 /home/httpd/html/subjects/webauthoring/websites2002/it.michaelm/the_team tight.html
102.05.03 14:33 B H:\Web_Site\Map\the_team\tight.html.bak --> linux1 /home/httpd/html/subjects/webauthoring/websites2002/it.michaelm/the_team tight.html.bak
102.05.03 14:35 B H:\Web_Site\Map\the_team\4.html --> linux1 /home/httpd/html/subjects/webauthoring/websites2002/it.michaelm/the_team 4.html
102.05.03 14:35 B H:\Web_Site\Map\the_team\4.html.bak --> linux1 /home/httpd/html/subjects/webauthoring/websites2002/it.michaelm/the_team 4.html.bak
102.05.03 14:35 B H:\Web_Site\Map\the_team\5.html --> linux1 /home/httpd/html/subjects/webauthoring/websites2002/it.michaelm/the_team 5.html
102.05.03 14:35 B H:\Web_Site\Map\the_team\5.html.bak --> linux1 /home/httpd/html/subjects/webauthoring/websites2002/it.michaelm/the_team 5.html.bak
102.05.03 14:35 B H:\Web_Site\Map\the_team\8.html --> linux1 /home/httpd/html/subjects/webauthoring/websites2002/it.michaelm/the_team 8.html
102.05.03 14:35 B H:\Web_Site\Map\the_team\8.html.bak --> linux1 /home/httpd/html/subjects/webauthoring/websites2002/it.michaelm/the_team 8.html.bak
102.05.03 14:35 B H:\Web_Site\Map\the_team\blindflanker.html --> linux1 /home/httpd/html/subjects/webauthoring/websites2002/it.michaelm/the_team blindflanker.html
102.05.03 14:35 B H:\Web_Site\Map\the_team\blindflanker.html.bak --> linux1 /home/httpd/html/subjects/webauthoring/websites2002/it.michaelm/the_team blindflanker.html.bak
102.05.03 14:35 B H:\Web_Site\Map\the_team\firstcentre.html --> linux1 /home/httpd/html/subjects/webauthoring/websites2002/it.michaelm/the_team firstcentre.html
102.05.03 14:35 B H:\Web_Site\Map\the_team\firstcentre.html.bak --> linux1 /home/httpd/html/subjects/webauthoring/websites2002/it.michaelm/the_team firstcentre.html.bak
102.05.03 14:35 B H:\Web_Site\Map\the_team\fullback.html --> linux1 /home/httpd/html/subjects/webauthoring/websites2002/it.michaelm/the_team fullback.html
102.05.03 14:35 B H:\Web_Site\Map\the_team\fullback.html.bak --> linux1 /home/httpd/html/subjects/webauthoring/websites2002/it.michaelm/the_team fullback.html.bak
102.05.03 14:35 B H:\Web_Site\Map\the_team\hooker.html --> linux1 /home/httpd/html/subjects/webauthoring/websites2002/it.michaelm/the_team hooker.html
102.05.03 14:35 B H:\Web_Site\Map\the_team\hooker.html.bak --> linux1 /home/httpd/html/subjects/webauthoring/websites2002/it.michaelm/the_team hooker.html.bak
102.05.03 14:35 B H:\Web_Site\Map\the_team\leftwing.html --> linux1 /home/httpd/html/subjects/webauthoring/websites2002/it.michaelm/the_team leftwing.html
102.05.03 14:35 B H:\Web_Site\Map\the_team\leftwing.html.bak --> linux1 /home/httpd/html/subjects/webauthoring/websites2002/it.michaelm/the_team leftwing.html.bak
102.05.03 14:35 B H:\Web_Site\Map\the_team\loose.html --> linux1 /home/httpd/html/subjects/webauthoring/websites2002/it.michaelm/the_team loose.html
102.05.03 14:35 B H:\Web_Site\Map\the_team\loose.html.bak --> linux1 /home/httpd/html/subjects/webauthoring/websites2002/it.michaelm/the_team loose.html.bak
102.05.03 14:35 B H:\Web_Site\Map\the_team\openflanker.html --> linux1 /home/httpd/html/subjects/webauthoring/websites2002/it.michaelm/the_team openflanker.html
102.05.03 14:35 B H:\Web_Site\Map\the_team\openflanker.html.bak --> linux1 /home/httpd/html/subjects/webauthoring/websites2002/it.michaelm/the_team openflanker.html.bak
102.05.03 14:35 B H:\Web_Site\Map\the_team\outHalf.html --> linux1 /home/httpd/html/subjects/webauthoring/websites2002/it.michaelm/the_team outHalf.html
102.05.03 14:35 B H:\Web_Site\Map\the_team\outHalf.html.bak --> linux1 /home/httpd/html/subjects/webauthoring/websites2002/it.michaelm/the_team outHalf.html.bak
102.05.03 14:35 B H:\Web_Site\Map\the_team\rightwing.html --> linux1 /home/httpd/html/subjects/webauthoring/websites2002/it.michaelm/the_team rightwing.html
102.05.03 14:35 B H:\Web_Site\Map\the_team\rightwing.html.bak --> linux1 /home/httpd/html/subjects/webauthoring/websites2002/it.michaelm/the_team rightwing.html.bak
102.05.03 14:35 B H:\Web_Site\Map\the_team\scrumhalf.html --> linux1 /home/httpd/html/subjects/webauthoring/websites2002/it.michaelm/the_team scrumhalf.html
102.05.03 14:35 B H:\Web_Site\Map\the_team\scrumhalf.html.bak --> linux1 /home/httpd/html/subjects/webauthoring/websites2002/it.michaelm/the_team scrumhalf.html.bak
102.05.03 14:35 B H:\Web_Site\Map\the_team\secondcentre.html --> linux1 /home/httpd/html/subjects/webauthoring/websites2002/it.michaelm/the_team secondcentre.html
102.05.03 14:35 B H:\Web_Site\Map\the_team\secondcentre.html.bak --> linux1 /home/httpd/html/subjects/webauthoring/websites2002/it.michaelm/the_team secondcentre.html.bak
102.05.03 14:35 B H:\Web_Site\Map\the_team\tight.html --> linux1 /home/httpd/html/subjects/webauthoring/websites2002/it.michaelm/the_team tight.html
102.05.03 14:35 B H:\Web_Site\Map\the_team\tight.html.bak --> linux1 /home/httpd/html/subjects/webauthoring/websites2002/it.michaelm/the_team tight.html.bak
102.05.03 14:35 B H:\Web_Site\Map\the_team\WS_FTP.LOG --> linux1 /home/httpd/html/subjects/webauthoring/websites2002/it.michaelm/the_team WS_FTP.LOG
102.05.03 14:40 B H:\Web_Site\Map\the_team\4.html --> linux1 /home/httpd/html/subjects/webauthoring/websites2002/it.michaelm/the_team 4.html
102.05.03 14:40 B H:\Web_Site\Map\the_team\5.html --> linux1 /home/httpd/html/subjects/webauthoring/websites2002/it.michaelm/the_team 5.html
102.05.03 14:40 B H:\Web_Site\Map\the_team\8.html --> linux1 /home/httpd/html/subjects/webauthoring/websites2002/it.michaelm/the_team 8.html
102.05.03 14:40 B H:\Web_Site\Map\the_team\blindflanker.html --> linux1 /home/httpd/html/subjects/webauthoring/websites2002/it.michaelm/the_team blindflanker.html
102.05.03 14:40 B H:\Web_Site\Map\the_team\firstcentre.html --> linux1 /home/httpd/html/subjects/webauthoring/websites2002/it.michaelm/the_team firstcentre.html
102.05.03 14:40 B H:\Web_Site\Map\the_team\fullback.html --> linux1 /home/httpd/html/subjects/webauthoring/websites2002/it.michaelm/the_team fullback.html
102.05.03 14:40 B H:\Web_Site\Map\the_team\hooker.html --> linux1 /home/httpd/html/subjects/webauthoring/websites2002/it.michaelm/the_team hooker.html
102.05.03 14:40 B H:\Web_Site\Map\the_team\leftwing.html --> linux1 /home/httpd/html/subjects/webauthoring/websites2002/it.michaelm/the_team leftwing.html
102.05.03 14:40 B H:\Web_Site\Map\the_team\loose.html --> linux1 /home/httpd/html/subjects/webauthoring/websites2002/it.michaelm/the_team loose.html
102.05.03 14:40 B H:\Web_Site\Map\the_team\openflanker.html --> linux1 /home/httpd/html/subjects/webauthoring/websites2002/it.michaelm/the_team openflanker.html
102.05.03 14:40 B H:\Web_Site\Map\the_team\outHalf.html --> linux1 /home/httpd/html/subjects/webauthoring/websites2002/it.michaelm/the_team outHalf.html
102.05.03 14:40 B H:\Web_Site\Map\the_team\rightwing.html --> linux1 /home/httpd/html/subjects/webauthoring/websites2002/it.michaelm/the_team rightwing.html
102.05.03 14:40 B H:\Web_Site\Map\the_team\scrumhalf.html --> linux1 /home/httpd/html/subjects/webauthoring/websites2002/it.michaelm/the_team scrumhalf.html
102.05.03 14:40 B H:\Web_Site\Map\the_team\secondcentre.html --> linux1 /home/httpd/html/subjects/webauthoring/websites2002/it.michaelm/the_team secondcentre.html
102.05.03 14:40 B H:\Web_Site\Map\the_team\tight.html --> linux1 /home/httpd/html/subjects/webauthoring/websites2002/it.michaelm/the_team tight.html
102.05.03 14:40 B H:\Web_Site\Map\the_team\WS_FTP.LOG --> linux1 /home/httpd/html/subjects/webauthoring/websites2002/it.michaelm/the_team WS_FTP.LOG
102.05.03 14:41 B H:\Web_Site\Map\the_team\4.html --> linux1 /home/httpd/html/subjects/webauthoring/websites2002/it.michaelm/the_team 4.html
102.05.03 14:41 B H:\Web_Site\Map\the_team\5.html --> linux1 /home/httpd/html/subjects/webauthoring/websites2002/it.michaelm/the_team 5.html
102.05.03 14:41 B H:\Web_Site\Map\the_team\8.html --> linux1 /home/httpd/html/subjects/webauthoring/websites2002/it.michaelm/the_team 8.html
102.05.03 14:41 B H:\Web_Site\Map\the_team\blindflanker.html --> linux1 /home/httpd/html/subjects/webauthoring/websites2002/it.michaelm/the_team blindflanker.html
102.05.03 14:41 B H:\Web_Site\Map\the_team\firstcentre.html --> linux1 /home/httpd/html/subjects/webauthoring/websites2002/it.michaelm/the_team firstcentre.html
102.05.03 14:41 B H:\Web_Site\Map\the_team\fullback.html --> linux1 /home/httpd/html/subjects/webauthoring/websites2002/it.michaelm/the_team fullback.html
102.05.03 14:41 B H:\Web_Site\Map\the_team\hooker.html --> linux1 /home/httpd/html/subjects/webauthoring/websites2002/it.michaelm/the_team hooker.html
102.05.03 14:41 B H:\Web_Site\Map\the_team\leftwing.html --> linux1 /home/httpd/html/subjects/webauthoring/websites2002/it.michaelm/the_team leftwing.html
102.05.03 14:41 B H:\Web_Site\Map\the_team\loose.html --> linux1 /home/httpd/html/subjects/webauthoring/websites2002/it.michaelm/the_team loose.html
102.05.03 14:41 B H:\Web_Site\Map\the_team\openflanker.html --> linux1 /home/httpd/html/subjects/webauthoring/websites2002/it.michaelm/the_team openflanker.html
102.05.03 14:41 B H:\Web_Site\Map\the_team\outHalf.html --> linux1 /home/httpd/html/subjects/webauthoring/websites2002/it.michaelm/the_team outHalf.html
102.05.03 14:41 B H:\Web_Site\Map\the_team\rightwing.html --> linux1 /home/httpd/html/subjects/webauthoring/websites2002/it.michaelm/the_team rightwing.html
102.05.03 14:41 B H:\Web_Site\Map\the_team\scrumhalf.html --> linux1 /home/httpd/html/subjects/webauthoring/websites2002/it.michaelm/the_team scrumhalf.html
102.05.03 14:41 B H:\Web_Site\Map\the_team\secondcentre.html --> linux1 /home/httpd/html/subjects/webauthoring/websites2002/it.michaelm/the_team secondcentre.html
102.05.03 14:41 B H:\Web_Site\Map\the_team\tight.html --> linux1 /home/httpd/html/subjects/webauthoring/websites2002/it.michaelm/the_team tight.html
