102.05.03 14:19 B H:\New Folder (5)\Gallery.html --> linux1 /home/httpd/html/subjects/webauthoring/websites2002/it.alanm Gallery.html
102.05.03 14:19 B H:\New Folder (5)\Image2,jpg.psp --> linux1 /home/httpd/html/subjects/webauthoring/websites2002/it.alanm Image2,jpg.psp
102.05.03 14:19 B H:\New Folder (5)\index.html --> linux1 /home/httpd/html/subjects/webauthoring/websites2002/it.alanm index.html
102.05.03 14:19 B H:\New Folder (5)\index.html.html --> linux1 /home/httpd/html/subjects/webauthoring/websites2002/it.alanm index.html.html
102.05.03 14:19 B H:\New Folder (5)\Intro.txt --> linux1 /home/httpd/html/subjects/webauthoring/websites2002/it.alanm Intro.txt
102.05.03 14:19 B H:\New Folder (5)\keanes profile.html --> linux1 /home/httpd/html/subjects/webauthoring/websites2002/it.alanm keanes profile.html
102.05.03 14:19 B H:\New Folder (5)\News on Roy.html --> linux1 /home/httpd/html/subjects/webauthoring/websites2002/it.alanm News on Roy.html
102.05.03 14:19 B H:\New Folder (5)\Roy at utd 2.html --> linux1 /home/httpd/html/subjects/webauthoring/websites2002/it.alanm Roy at utd 2.html
102.05.03 14:19 B H:\New Folder (5)\Roy at utd.html --> linux1 /home/httpd/html/subjects/webauthoring/websites2002/it.alanm Roy at utd.html
102.05.03 14:19 B H:\New Folder (5)\Roy's Ireland career --> linux1 /home/httpd/html/subjects/webauthoring/websites2002/it.alanm Roy's Ireland career
102.05.03 14:19 B H:\New Folder (5)\Roy's Ireland Career.html --> linux1 /home/httpd/html/subjects/webauthoring/websites2002/it.alanm Roy's Ireland Career.html
102.05.03 14:19 B H:\New Folder (5)\Roy.html --> linux1 /home/httpd/html/subjects/webauthoring/websites2002/it.alanm Roy.html
102.05.03 14:19 B H:\New Folder (5)\Roys Ireland Career --> linux1 /home/httpd/html/subjects/webauthoring/websites2002/it.alanm Roys Ireland Career
102.05.03 14:19 B H:\New Folder (5)\ROYS table.html --> linux1 /home/httpd/html/subjects/webauthoring/websites2002/it.alanm ROYS table.html
102.05.03 14:31 B H:\New Folder (5)\Gallery.html --> linux1 /home/httpd/html/subjects/webauthoring/websites2002/it.alanm Gallery.html
102.05.03 14:31 B H:\New Folder (5)\Image2,jpg.psp --> linux1 /home/httpd/html/subjects/webauthoring/websites2002/it.alanm Image2,jpg.psp
102.05.03 14:31 B H:\New Folder (5)\index.html --> linux1 /home/httpd/html/subjects/webauthoring/websites2002/it.alanm index.html
102.05.03 14:31 B H:\New Folder (5)\index.html.html --> linux1 /home/httpd/html/subjects/webauthoring/websites2002/it.alanm index.html.html
102.05.03 14:31 B H:\New Folder (5)\Intro.txt --> linux1 /home/httpd/html/subjects/webauthoring/websites2002/it.alanm Intro.txt
102.05.03 14:31 B H:\New Folder (5)\keanes profile.html --> linux1 /home/httpd/html/subjects/webauthoring/websites2002/it.alanm keanes profile.html
102.05.03 14:31 B H:\New Folder (5)\News on Roy.html --> linux1 /home/httpd/html/subjects/webauthoring/websites2002/it.alanm News on Roy.html
102.05.03 14:31 B H:\New Folder (5)\Roy at utd 2.html --> linux1 /home/httpd/html/subjects/webauthoring/websites2002/it.alanm Roy at utd 2.html
102.05.03 14:31 B H:\New Folder (5)\Roy at utd.html --> linux1 /home/httpd/html/subjects/webauthoring/websites2002/it.alanm Roy at utd.html
102.05.03 14:31 B H:\New Folder (5)\Roy's Ireland career --> linux1 /home/httpd/html/subjects/webauthoring/websites2002/it.alanm Roy's Ireland career
102.05.03 14:31 B H:\New Folder (5)\Roy's Ireland Career.html --> linux1 /home/httpd/html/subjects/webauthoring/websites2002/it.alanm Roy's Ireland Career.html
102.05.03 14:31 B H:\New Folder (5)\Roy.html --> linux1 /home/httpd/html/subjects/webauthoring/websites2002/it.alanm Roy.html
102.05.03 14:31 B H:\New Folder (5)\Roys Ireland Career --> linux1 /home/httpd/html/subjects/webauthoring/websites2002/it.alanm Roys Ireland Career
102.05.03 14:31 B H:\New Folder (5)\ROYS table.html --> linux1 /home/httpd/html/subjects/webauthoring/websites2002/it.alanm ROYS table.html
102.05.03 14:31 B H:\New Folder (5)\WS_FTP.LOG --> linux1 /home/httpd/html/subjects/webauthoring/websites2002/it.alanm WS_FTP.LOG
102.05.03 14:41 B H:\New Folder (5)\Gallery.html --> linux1 /home/httpd/html/subjects/webauthoring/websites2002/it.alanm Gallery.html
102.05.03 14:41 B H:\New Folder (5)\Image2,jpg.psp --> linux1 /home/httpd/html/subjects/webauthoring/websites2002/it.alanm Image2,jpg.psp
102.05.03 14:41 B H:\New Folder (5)\index.html --> linux1 /home/httpd/html/subjects/webauthoring/websites2002/it.alanm index.html
102.05.03 14:41 B H:\New Folder (5)\index.html.html --> linux1 /home/httpd/html/subjects/webauthoring/websites2002/it.alanm index.html.html
102.05.03 14:41 B H:\New Folder (5)\Intro.txt --> linux1 /home/httpd/html/subjects/webauthoring/websites2002/it.alanm Intro.txt
102.05.03 14:41 B H:\New Folder (5)\keanes profile.html --> linux1 /home/httpd/html/subjects/webauthoring/websites2002/it.alanm keanes profile.html
102.05.03 14:41 B H:\New Folder (5)\News on Roy.html --> linux1 /home/httpd/html/subjects/webauthoring/websites2002/it.alanm News on Roy.html
102.05.03 14:41 B H:\New Folder (5)\Roy at utd 2.html --> linux1 /home/httpd/html/subjects/webauthoring/websites2002/it.alanm Roy at utd 2.html
102.05.03 14:41 B H:\New Folder (5)\Roy at utd.html --> linux1 /home/httpd/html/subjects/webauthoring/websites2002/it.alanm Roy at utd.html
102.05.03 14:41 B H:\New Folder (5)\Roy's Ireland career --> linux1 /home/httpd/html/subjects/webauthoring/websites2002/it.alanm Roy's Ireland career
102.05.03 14:41 B H:\New Folder (5)\Roy's Ireland Career.html --> linux1 /home/httpd/html/subjects/webauthoring/websites2002/it.alanm Roy's Ireland Career.html
102.05.03 14:41 B H:\New Folder (5)\Roy.html --> linux1 /home/httpd/html/subjects/webauthoring/websites2002/it.alanm Roy.html
102.05.03 14:41 B H:\New Folder (5)\Roys Ireland Career --> linux1 /home/httpd/html/subjects/webauthoring/websites2002/it.alanm Roys Ireland Career
102.05.03 14:41 B H:\New Folder (5)\ROYS table.html --> linux1 /home/httpd/html/subjects/webauthoring/websites2002/it.alanm ROYS table.html
102.05.03 14:41 B H:\New Folder (5)\WS_FTP.LOG --> linux1 /home/httpd/html/subjects/webauthoring/websites2002/it.alanm WS_FTP.LOG
102.05.03 14:48 B H:\New Folder (5)\Gallery.html --> linux1 /home/httpd/html/subjects/webauthoring/websites2002/it.alanm Gallery.html
102.05.03 14:48 B H:\New Folder (5)\Image2,jpg.psp --> linux1 /home/httpd/html/subjects/webauthoring/websites2002/it.alanm Image2,jpg.psp
102.05.03 14:48 B H:\New Folder (5)\index.html --> linux1 /home/httpd/html/subjects/webauthoring/websites2002/it.alanm index.html
102.05.03 14:48 B H:\New Folder (5)\index.html.html --> linux1 /home/httpd/html/subjects/webauthoring/websites2002/it.alanm index.html.html
102.05.03 14:48 B H:\New Folder (5)\Intro.txt --> linux1 /home/httpd/html/subjects/webauthoring/websites2002/it.alanm Intro.txt
102.05.03 14:48 B H:\New Folder (5)\keanes profile.html --> linux1 /home/httpd/html/subjects/webauthoring/websites2002/it.alanm keanes profile.html
102.05.03 14:48 B H:\New Folder (5)\News on Roy.html --> linux1 /home/httpd/html/subjects/webauthoring/websites2002/it.alanm News on Roy.html
102.05.03 14:48 B H:\New Folder (5)\Roy at utd 2.html --> linux1 /home/httpd/html/subjects/webauthoring/websites2002/it.alanm Roy at utd 2.html
102.05.03 14:48 B H:\New Folder (5)\Roy at utd.html --> linux1 /home/httpd/html/subjects/webauthoring/websites2002/it.alanm Roy at utd.html
102.05.03 14:48 B H:\New Folder (5)\Roy's Ireland career --> linux1 /home/httpd/html/subjects/webauthoring/websites2002/it.alanm Roy's Ireland career
102.05.03 14:48 B H:\New Folder (5)\Roy's Ireland Career.html --> linux1 /home/httpd/html/subjects/webauthoring/websites2002/it.alanm Roy's Ireland Career.html
102.05.03 14:48 B H:\New Folder (5)\Roy.html --> linux1 /home/httpd/html/subjects/webauthoring/websites2002/it.alanm Roy.html
102.05.03 14:48 B H:\New Folder (5)\Roys Ireland Career --> linux1 /home/httpd/html/subjects/webauthoring/websites2002/it.alanm Roys Ireland Career
102.05.03 14:48 B H:\New Folder (5)\ROYS table.html --> linux1 /home/httpd/html/subjects/webauthoring/websites2002/it.alanm ROYS table.html
