103.05.13 14:20 B H:\html\Cork\images\backcath.jpg --> mail.cti-clonmel.ie /var/www/html/subjects/webauthoring/websites2003/it.rebeccad/project/images backcath.jpg
103.05.13 14:20 B H:\html\Cork\images\background.jpg --> mail.cti-clonmel.ie /var/www/html/subjects/webauthoring/websites2003/it.rebeccad/project/images background.jpg
103.05.13 14:20 B H:\html\Cork\images\blarneyc .gif --> mail.cti-clonmel.ie /var/www/html/subjects/webauthoring/websites2003/it.rebeccad/project/images blarneyc .gif
103.05.13 14:20 B H:\html\Cork\images\blarneystone.gif --> mail.cti-clonmel.ie /var/www/html/subjects/webauthoring/websites2003/it.rebeccad/project/images blarneystone.gif
103.05.13 14:20 B H:\html\Cork\images\burges.jpg --> mail.cti-clonmel.ie /var/www/html/subjects/webauthoring/websites2003/it.rebeccad/project/images burges.jpg
103.05.13 14:20 B H:\html\Cork\images\butterflies_flowers_md_blk.gif --> mail.cti-clonmel.ie /var/www/html/subjects/webauthoring/websites2003/it.rebeccad/project/images butterflies_flowers_md_blk.gif
103.05.13 14:20 B H:\html\Cork\images\chrome_shimmer_md_clr.gif --> mail.cti-clonmel.ie /var/www/html/subjects/webauthoring/websites2003/it.rebeccad/project/images chrome_shimmer_md_clr.gif
103.05.13 14:20 B H:\html\Cork\images\click_here_md_wht.gif --> mail.cti-clonmel.ie /var/www/html/subjects/webauthoring/websites2003/it.rebeccad/project/images click_here_md_wht.gif
103.05.13 14:20 B H:\html\Cork\images\corkcitygaol.jpg --> mail.cti-clonmel.ie /var/www/html/subjects/webauthoring/websites2003/it.rebeccad/project/images corkcitygaol.jpg
103.05.13 14:20 B H:\html\Cork\images\corkgaol.jpg --> mail.cti-clonmel.ie /var/www/html/subjects/webauthoring/websites2003/it.rebeccad/project/images corkgaol.jpg
103.05.13 14:20 B H:\html\Cork\images\devil_pointing_right_md_clr.gif --> mail.cti-clonmel.ie /var/www/html/subjects/webauthoring/websites2003/it.rebeccad/project/images devil_pointing_right_md_clr.gif
103.05.13 14:20 B H:\html\Cork\images\earth_no_clouds_md_blk.gif --> mail.cti-clonmel.ie /var/www/html/subjects/webauthoring/websites2003/it.rebeccad/project/images earth_no_clouds_md_blk.gif
103.05.13 14:20 B H:\html\Cork\images\earth_no_clouds_md_wht.gif --> mail.cti-clonmel.ie /var/www/html/subjects/webauthoring/websites2003/it.rebeccad/project/images earth_no_clouds_md_wht.gif
103.05.13 14:20 B H:\html\Cork\images\harp_showcase_md_blk.gif --> mail.cti-clonmel.ie /var/www/html/subjects/webauthoring/websites2003/it.rebeccad/project/images harp_showcase_md_blk.gif
103.05.13 14:20 B H:\html\Cork\images\home_md_clr.gif --> mail.cti-clonmel.ie /var/www/html/subjects/webauthoring/websites2003/it.rebeccad/project/images home_md_clr.gif
103.05.13 14:20 B H:\html\Cork\images\meddoor.jpg --> mail.cti-clonmel.ie /var/www/html/subjects/webauthoring/websites2003/it.rebeccad/project/images meddoor.jpg
103.05.13 14:20 B H:\html\Cork\images\Shandon.gif --> mail.cti-clonmel.ie /var/www/html/subjects/webauthoring/websites2003/it.rebeccad/project/images Shandon.gif
103.05.13 14:20 B H:\html\Cork\images\Shandon.jpg --> mail.cti-clonmel.ie /var/www/html/subjects/webauthoring/websites2003/it.rebeccad/project/images Shandon.jpg
103.05.13 14:20 B H:\html\Cork\images\sideack.jpg --> mail.cti-clonmel.ie /var/www/html/subjects/webauthoring/websites2003/it.rebeccad/project/images sideack.jpg
103.05.13 14:20 B H:\html\Cork\images\stannesshandonclock.gif --> mail.cti-clonmel.ie /var/www/html/subjects/webauthoring/websites2003/it.rebeccad/project/images stannesshandonclock.gif
103.05.13 14:20 B H:\html\Cork\images\Stfinbarrehead.jpg --> mail.cti-clonmel.ie /var/www/html/subjects/webauthoring/websites2003/it.rebeccad/project/images Stfinbarrehead.jpg
103.05.13 14:20 B H:\html\Cork\images\town.htm_txt_corkmap.gif --> mail.cti-clonmel.ie /var/www/html/subjects/webauthoring/websites2003/it.rebeccad/project/images town.htm_txt_corkmap.gif
103.05.13 14:35 B H:\html\Cork\images\backcath.jpg --> mail.cti-clonmel.ie /var/www/html/subjects/webauthoring/websites2003/it.rebeccad/project/images backcath.jpg
103.05.13 14:35 B H:\html\Cork\images\background.jpg --> mail.cti-clonmel.ie /var/www/html/subjects/webauthoring/websites2003/it.rebeccad/project/images background.jpg
103.05.13 14:35 B H:\html\Cork\images\blarneyc .gif --> mail.cti-clonmel.ie /var/www/html/subjects/webauthoring/websites2003/it.rebeccad/project/images blarneyc .gif
103.05.13 14:35 B H:\html\Cork\images\blarneystone.gif --> mail.cti-clonmel.ie /var/www/html/subjects/webauthoring/websites2003/it.rebeccad/project/images blarneystone.gif
103.05.13 14:35 B H:\html\Cork\images\burges.jpg --> mail.cti-clonmel.ie /var/www/html/subjects/webauthoring/websites2003/it.rebeccad/project/images burges.jpg
103.05.13 14:35 B H:\html\Cork\images\butterflies_flowers_md_blk.gif --> mail.cti-clonmel.ie /var/www/html/subjects/webauthoring/websites2003/it.rebeccad/project/images butterflies_flowers_md_blk.gif
103.05.13 14:35 B H:\html\Cork\images\chrome_shimmer_md_clr.gif --> mail.cti-clonmel.ie /var/www/html/subjects/webauthoring/websites2003/it.rebeccad/project/images chrome_shimmer_md_clr.gif
103.05.13 14:35 B H:\html\Cork\images\click_here_md_wht.gif --> mail.cti-clonmel.ie /var/www/html/subjects/webauthoring/websites2003/it.rebeccad/project/images click_here_md_wht.gif
103.05.13 14:35 B H:\html\Cork\images\corkcitygaol.jpg --> mail.cti-clonmel.ie /var/www/html/subjects/webauthoring/websites2003/it.rebeccad/project/images corkcitygaol.jpg
103.05.13 14:35 B H:\html\Cork\images\corkgaol.jpg --> mail.cti-clonmel.ie /var/www/html/subjects/webauthoring/websites2003/it.rebeccad/project/images corkgaol.jpg
103.05.13 14:35 B H:\html\Cork\images\devil_pointing_right_md_clr.gif --> mail.cti-clonmel.ie /var/www/html/subjects/webauthoring/websites2003/it.rebeccad/project/images devil_pointing_right_md_clr.gif
103.05.13 14:35 B H:\html\Cork\images\earth_no_clouds_md_blk.gif --> mail.cti-clonmel.ie /var/www/html/subjects/webauthoring/websites2003/it.rebeccad/project/images earth_no_clouds_md_blk.gif
103.05.13 14:35 B H:\html\Cork\images\earth_no_clouds_md_wht.gif --> mail.cti-clonmel.ie /var/www/html/subjects/webauthoring/websites2003/it.rebeccad/project/images earth_no_clouds_md_wht.gif
103.05.13 14:35 B H:\html\Cork\images\harp_showcase_md_blk.gif --> mail.cti-clonmel.ie /var/www/html/subjects/webauthoring/websites2003/it.rebeccad/project/images harp_showcase_md_blk.gif
103.05.13 14:35 B H:\html\Cork\images\home_md_clr.gif --> mail.cti-clonmel.ie /var/www/html/subjects/webauthoring/websites2003/it.rebeccad/project/images home_md_clr.gif
103.05.13 14:35 B H:\html\Cork\images\meddoor.jpg --> mail.cti-clonmel.ie /var/www/html/subjects/webauthoring/websites2003/it.rebeccad/project/images meddoor.jpg
103.05.13 14:35 B H:\html\Cork\images\Shandon.gif --> mail.cti-clonmel.ie /var/www/html/subjects/webauthoring/websites2003/it.rebeccad/project/images Shandon.gif
103.05.13 14:35 B H:\html\Cork\images\Shandon.jpg --> mail.cti-clonmel.ie /var/www/html/subjects/webauthoring/websites2003/it.rebeccad/project/images Shandon.jpg
103.05.13 14:35 B H:\html\Cork\images\sideack.jpg --> mail.cti-clonmel.ie /var/www/html/subjects/webauthoring/websites2003/it.rebeccad/project/images sideack.jpg
103.05.13 14:35 B H:\html\Cork\images\stannesshandonclock.gif --> mail.cti-clonmel.ie /var/www/html/subjects/webauthoring/websites2003/it.rebeccad/project/images stannesshandonclock.gif
103.05.13 14:35 B H:\html\Cork\images\Stfinbarrehead.jpg --> mail.cti-clonmel.ie /var/www/html/subjects/webauthoring/websites2003/it.rebeccad/project/images Stfinbarrehead.jpg
103.05.13 14:35 B H:\html\Cork\images\town.htm_txt_corkmap.gif --> mail.cti-clonmel.ie /var/www/html/subjects/webauthoring/websites2003/it.rebeccad/project/images town.htm_txt_corkmap.gif
